Log file open, 02/13/23 10:32:00
LogWindows: Failed to load 'aqProf.dll' (GetLastError=126)
LogWindows: File 'aqProf.dll' does not exist
LogWindows: Failed to load 'VtuneApi.dll' (GetLastError=126)
LogWindows: File 'VtuneApi.dll' does not exist
LogWindows: Failed to load 'VtuneApi32e.dll' (GetLastError=126)
LogWindows: File 'VtuneApi32e.dll' does not exist
LogConsoleResponse: Display: Failed to find resolution value strings in scalability ini. Falling back to default.
LogConsoleResponse: Display: Failed to find resolution value strings in scalability ini. Falling back to default.
LogInit: Display: Running engine for game: ALSBlueprints
LogPlatformFile: Not using cached read wrapper
LogTaskGraph: Started task graph with 5 named threads and 35 total threads with 3 sets of task threads.
LogStats: Stats thread started at 0.196885
LogICUInternationalization: ICU TimeZone Detection - Raw Offset: +8:00, Platform Override: ''
LogInit: Display: Loading text-based GConfig....
LogPluginManager: Mounting plugin MeshPainting
LogPluginManager: Mounting plugin XGEController
LogPluginManager: Mounting plugin Paper2D
LogPluginManager: Mounting plugin AISupport
LogPluginManager: Mounting plugin EnvironmentQueryEditor
LogPluginManager: Mounting plugin LiveLink
LogPluginManager: Mounting plugin LightPropagationVolume
LogPluginManager: Mounting plugin OodleData
LogPluginManager: Mounting plugin OodleNetwork
LogPluginManager: Mounting plugin CameraShakePreviewer
LogPluginManager: Mounting plugin AnimationSharing
LogPluginManager: Mounting plugin CLionSourceCodeAccess
LogPluginManager: Mounting plugin CodeLiteSourceCodeAccess
LogPluginManager: Mounting plugin GitSourceControl
LogPluginManager: Mounting plugin KDevelopSourceCodeAccess
LogPluginManager: Mounting plugin NullSourceCodeAccess
LogPluginManager: Mounting plugin PerforceSourceControl
LogPluginManager: Mounting plugin GameplayCameras
LogPluginManager: Mounting plugin PixWinPlugin
LogPluginManager: Mounting plugin PluginUtils
LogPluginManager: Mounting plugin PlasticSourceControl
LogPluginManager: Mounting plugin PropertyAccessNode
LogPluginManager: Mounting plugin RiderSourceCodeAccess
LogPluginManager: Mounting plugin SubversionSourceControl
LogPluginManager: Mounting plugin DatasmithContent
LogPluginManager: Mounting plugin TextureFormatOodle
LogPluginManager: Mounting plugin VariantManagerContent
LogPluginManager: Mounting plugin UObjectPlugin
LogPluginManager: Mounting plugin VisualStudioSourceCodeAccess
LogPluginManager: Mounting plugin XCodeSourceCodeAccess
LogPluginManager: Mounting plugin VisualStudioCodeSourceCodeAccess
LogPluginManager: Mounting plugin AssetManagerEditor
LogPluginManager: Mounting plugin Niagara
LogPluginManager: Mounting plugin CurveEditorTools
LogPluginManager: Mounting plugin DataValidation
LogPluginManager: Mounting plugin CryptoKeys
LogPluginManager: Mounting plugin FacialAnimation
LogPluginManager: Mounting plugin GameplayTagsEditor
LogPluginManager: Mounting plugin GeometryMode
LogPluginManager: Mounting plugin MacGraphicsSwitching
LogPluginManager: Mounting plugin MaterialAnalyzer
LogPluginManager: Mounting plugin PluginBrowser
LogPluginManager: Mounting plugin MobileLauncherProfileWizard
LogPluginManager: Mounting plugin SpeedTreeImporter
LogPluginManager: Mounting plugin LuminPlatformFeatures
LogPluginManager: Mounting plugin MagicLeap
LogPluginManager: Mounting plugin MagicLeapLightEstimation
LogPluginManager: Mounting plugin MagicLeapMedia
LogPluginManager: Mounting plugin MagicLeapPassableWorld
LogPluginManager: Mounting plugin MLSDK
LogPluginManager: Mounting plugin AlembicImporter
LogPluginManager: Mounting plugin AutomationUtils
LogPluginManager: Mounting plugin BackChannel
LogPluginManager: Mounting plugin ChaosCloth
LogPluginManager: Mounting plugin ChaosClothEditor
LogPluginManager: Mounting plugin ChaosEditor
LogPluginManager: Mounting plugin ChaosNiagara
LogPluginManager: Mounting plugin ChaosSolverPlugin
LogPluginManager: Mounting plugin CharacterAI
LogPluginManager: Mounting plugin GeometryCache
LogPluginManager: Mounting plugin GeometryCollectionPlugin
LogPluginManager: Mounting plugin AndroidMedia
LogPluginManager: Mounting plugin AvfMedia
LogPluginManager: Mounting plugin ImgMedia
LogPluginManager: Mounting plugin MediaCompositing
LogPluginManager: Mounting plugin MediaPlayerEditor
LogPluginManager: Mounting plugin WmfMedia
LogPluginManager: Mounting plugin GeometryProcessing
LogPluginManager: Mounting plugin WebMMedia
LogPluginManager: Mounting plugin MotoSynth
LogPluginManager: Mounting plugin OpenImageDenoise
LogPluginManager: Mounting plugin PlanarCut
LogPluginManager: Mounting plugin PlatformCrypto
LogPluginManager: Mounting plugin ProxyLODPlugin
LogPluginManager: Mounting plugin PythonScriptPlugin
LogPluginManager: Mounting plugin SkeletalReduction
LogPluginManager: Mounting plugin TcpMessaging
LogPluginManager: Mounting plugin UdpMessaging
LogPluginManager: Mounting plugin ActorSequence
LogPluginManager: Mounting plugin LevelSequenceEditor
LogPluginManager: Mounting plugin MatineeToLevelSequence
LogPluginManager: Mounting plugin TemplateSequence
LogPluginManager: Mounting plugin OnlineSubsystem
LogPluginManager: Mounting plugin OnlineSubsystemNull
LogPluginManager: Mounting plugin OnlineSubsystemUtils
LogPluginManager: Mounting plugin LauncherChunkInstaller
LogPluginManager: Mounting plugin ActorLayerUtilities
LogPluginManager: Mounting plugin AndroidMoviePlayer
LogPluginManager: Mounting plugin AndroidDeviceProfileSelector
LogPluginManager: Mounting plugin AndroidPermission
LogPluginManager: Mounting plugin AppleImageUtils
LogPluginManager: Mounting plugin AppleMoviePlayer
LogPluginManager: Mounting plugin ArchVisCharacter
LogPluginManager: Mounting plugin AssetTags
LogPluginManager: Mounting plugin AudioCapture
LogPluginManager: Mounting plugin AudioSynesthesia
LogPluginManager: Mounting plugin CableComponent
LogPluginManager: Mounting plugin ChunkDownloader
LogPluginManager: Mounting plugin CustomMeshComponent
LogPluginManager: Mounting plugin EditableMesh
LogPluginManager: Mounting plugin ExampleDeviceProfileSelector
LogPluginManager: Mounting plugin GoogleCloudMessaging
LogPluginManager: Mounting plugin GooglePAD
LogPluginManager: Mounting plugin IOSDeviceProfileSelector
LogPluginManager: Mounting plugin LinuxDeviceProfileSelector
LogPluginManager: Mounting plugin LocationServicesBPLibrary
LogPluginManager: Mounting plugin MobilePatchingUtils
LogPluginManager: Mounting plugin OpenXR
LogPluginManager: Mounting plugin OpenXREyeTracker
LogPluginManager: Mounting plugin OpenXRHandTracking
LogPluginManager: Mounting plugin PhysXVehicles
LogPluginManager: Mounting plugin ScreenshotTools
LogPluginManager: Mounting plugin PostSplashScreen
LogPluginManager: Mounting plugin ProceduralMeshComponent
LogPluginManager: Mounting plugin PropertyAccessEditor
LogPluginManager: Mounting plugin RuntimePhysXCooking
LogPluginManager: Mounting plugin SignificanceManager
LogPluginManager: Mounting plugin SoundFields
LogPluginManager: Mounting plugin Synthesis
LogPluginManager: Mounting plugin WebMMoviePlayer
LogPluginManager: Mounting plugin WindowsMoviePlayer
LogPluginManager: Mounting plugin Takes
LogPluginManager: Mounting plugin ContentBrowserAssetDataSource
LogPluginManager: Mounting plugin ContentBrowserClassDataSource
LogPluginManager: Mounting plugin ContentBrowserFileDataSource
LogPluginManager: Mounting plugin OnlineSubsystemGooglePlay
LogPluginManager: Mounting plugin OnlineSubsystemIOS
LogPluginManager: Mounting plugin OculusVR
LogPluginManager: Mounting plugin SteamVR
PixWinPlugin: PIX capture plugin failed to initialize! Check that the process is launched from PIX.
LogInit: Using libcurl 7.55.1-DEV
LogInit:  - built for x86_64-pc-win32
LogInit:  - supports SSL with OpenSSL/1.1.1
LogInit:  - supports HTTP deflate (compression) using libz 1.2.8
LogInit:  - other features:
LogInit:      CURL_VERSION_SSL
LogInit:      CURL_VERSION_LIBZ
LogInit:      CURL_VERSION_IPV6
LogInit:      CURL_VERSION_ASYNCHDNS
LogInit:      CURL_VERSION_LARGEFILE
LogInit:      CURL_VERSION_IDN
LogInit:  CurlRequestOptions (configurable via config and command line):
LogInit:  - bVerifyPeer = true  - Libcurl will verify peer certificate
LogInit:  - bUseHttpProxy = true  - Libcurl will use HTTP proxy
LogInit:  - HttpProxyAddress = '127.0.0.1:7890'
LogInit:  - bDontReuseConnections = false  - Libcurl will reuse connections
LogInit:  - MaxHostConnections = 16  - Libcurl will limit the number of connections to a host
LogInit:  - LocalHostAddr = Default
LogInit:  - BufferSize = 65536
LogOnline: OSS: Creating online subsystem instance for: NULL
LogInit: WinSock: version 1.1 (2.2), MaxSocks=32767, MaxUdp=65467
LogOnline: OSS: TryLoadSubsystemAndSetDefault: Loaded subsystem for module [NULL]
LogOculusPluginWrapper: OculusPlugin initialized successfully
LogHMD: Failed initializing OVRPlugin 1.59.0
LogInit: Build: ++UE4+Release-4.27-CL-18319896
LogInit: Engine Version: 4.27.2-18319896+++UE4+Release-4.27
LogInit: Compatible Engine Version: 4.27.0-17155196+++UE4+Release-4.27
LogInit: Net CL: 17155196
LogInit: OS: Windows 10 (Release 2009) (), CPU: 12th Gen Intel(R) Core(TM) i5-12490F, GPU: NVIDIA GeForce GTX 1650 SUPER
LogInit: Compiled (64-bit): Nov 30 2021 07:12:08
LogInit: Compiled with Visual C++: 19.24.28315.00
LogInit: Build Configuration: Development
LogInit: Branch Name: ++UE4+Release-4.27
LogInit: Command Line: 
LogInit: Base Directory: C:/Program Files/Epic Games/UE_4.27/Engine/Binaries/Win64/
LogInit: Allocator: TBB
LogInit: Installed Engine Build: 1
LogDevObjectVersion: Number of dev versions registered: 29
LogDevObjectVersion:   Dev-Blueprints (B0D832E4-1F89-4F0D-ACCF-7EB736FD4AA2): 10
LogDevObjectVersion:   Dev-Build (E1C64328-A22C-4D53-A36C-8E866417BD8C): 0
LogDevObjectVersion:   Dev-Core (375EC13C-06E4-48FB-B500-84F0262A717E): 4
LogDevObjectVersion:   Dev-Editor (E4B068ED-F494-42E9-A231-DA0B2E46BB41): 40
LogDevObjectVersion:   Dev-Framework (CFFC743F-43B0-4480-9391-14DF171D2073): 37
LogDevObjectVersion:   Dev-Mobile (B02B49B5-BB20-44E9-A304-32B752E40360): 3
LogDevObjectVersion:   Dev-Networking (A4E4105C-59A1-49B5-A7C5-40C4547EDFEE): 0
LogDevObjectVersion:   Dev-Online (39C831C9-5AE6-47DC-9A44-9C173E1C8E7C): 0
LogDevObjectVersion:   Dev-Physics (78F01B33-EBEA-4F98-B9B4-84EACCB95AA2): 14
LogDevObjectVersion:   Dev-Platform (6631380F-2D4D-43E0-8009-CF276956A95A): 0
LogDevObjectVersion:   Dev-Rendering (12F88B9F-8875-4AFC-A67C-D90C383ABD29): 45
LogDevObjectVersion:   Dev-Sequencer (7B5AE74C-D270-4C10-A958-57980B212A5A): 13
LogDevObjectVersion:   Dev-VR (D7296918-1DD6-4BDD-9DE2-64A83CC13884): 3
LogDevObjectVersion:   Dev-LoadTimes (C2A15278-BFE7-4AFE-6C17-90FF531DF755): 1
LogDevObjectVersion:   Private-Geometry (6EACA3D4-40EC-4CC1-B786-8BED09428FC5): 3
LogDevObjectVersion:   Dev-AnimPhys (29E575DD-E0A3-4627-9D10-D276232CDCEA): 17
LogDevObjectVersion:   Dev-Anim (AF43A65D-7FD3-4947-9873-3E8ED9C1BB05): 15
LogDevObjectVersion:   Dev-ReflectionCapture (6B266CEC-1EC7-4B8F-A30B-E4D90942FC07): 1
LogDevObjectVersion:   Dev-Automation (0DF73D61-A23F-47EA-B727-89E90C41499A): 1
LogDevObjectVersion:   FortniteMain (601D1886-AC64-4F84-AA16-D3DE0DEAC7D6): 47
LogDevObjectVersion:   FortniteRelease (E7086368-6B23-4C58-8439-1B7016265E91): 1
LogDevObjectVersion:   Dev-Enterprise (9DFFBCD6-494F-0158-E221-12823C92A888): 10
LogDevObjectVersion:   Dev-Niagara (F2AED0AC-9AFE-416F-8664-AA7FFA26D6FC): 1
LogDevObjectVersion:   Dev-Destruction (174F1F0B-B4C6-45A5-B13F-2EE8D0FB917D): 10
LogDevObjectVersion:   Dev-Physics-Ext (35F94A83-E258-406C-A318-09F59610247C): 41
LogDevObjectVersion:   Dev-PhysicsMaterial-Chaos (B68FC16E-8B1B-42E2-B453-215C058844FE): 1
LogDevObjectVersion:   Dev-CineCamera (B2E18506-4273-CFC2-A54E-F4BB758BBA07): 1
LogDevObjectVersion:   Dev-VirtualProduction (64F58936-FD1B-42BA-BA96-7289D5D0FA4E): 1
LogDevObjectVersion:   Dev-MediaFramework (6F0ED827-A609-4895-9C91-998D90180EA4): 2
LogInit: Presizing for max 25165824 objects, including 0 objects not considered by GC, pre-allocating 0 bytes for permanent pool.
LogConfig: Applying CVar settings from Section [/Script/Engine.StreamingSettings] File [E:/GibhubUpload/ALS/Saved/Config/Windows/Engine.ini]
LogConfig: Setting CVar [[s.MinBulkDataSizeForAsyncLoading:131072]]
LogConfig: Setting CVar [[s.AsyncLoadingThreadEnabled:0]]
LogConfig: Setting CVar [[s.EventDrivenLoaderEnabled:1]]
LogConfig: Setting CVar [[s.WarnIfTimeLimitExceeded:0]]
LogConfig: Setting CVar [[s.TimeLimitExceededMultiplier:1.5]]
LogConfig: Setting CVar [[s.TimeLimitExceededMinTime:0.005]]
LogConfig: Setting CVar [[s.UseBackgroundLevelStreaming:1]]
LogConfig: Setting CVar [[s.PriorityAsyncLoadingExtraTime:15.0]]
LogConfig: Setting CVar [[s.LevelStreamingActorsUpdateTimeLimit:5.0]]
LogConfig: Setting CVar [[s.PriorityLevelStreamingActorsUpdateExtraTime:5.0]]
LogConfig: Setting CVar [[s.LevelStreamingComponentsRegistrationGranularity:10]]
LogConfig: Setting CVar [[s.UnregisterComponentsTimeLimit:1.0]]
LogConfig: Setting CVar [[s.LevelStreamingComponentsUnregistrationGranularity:5]]
LogConfig: Setting CVar [[s.FlushStreamingOnExit:1]]
LogInit: Object subsystem initialized
LogConfig: Setting CVar [[con.DebugEarlyDefault:1]]
LogConfig: Setting CVar [[r.setres:1280x720]]
[2023.02.13-02.32.01:248][  0]LogConfig: Setting CVar [[r.VSync:0]]
[2023.02.13-02.32.01:248][  0]LogConfig: Setting CVar [[r.RHICmdBypass:0]]
[2023.02.13-02.32.01:248][  0]LogConfig: Applying CVar settings from Section [/Script/Engine.RendererSettings] File [E:/GibhubUpload/ALS/Saved/Config/Windows/Engine.ini]
[2023.02.13-02.32.01:248][  0]LogConfig: Setting CVar [[r.GPUCrashDebugging:0]]
[2023.02.13-02.32.01:248][  0]LogConfig: Setting CVar [[r.DefaultFeature.MotionBlur:0]]
[2023.02.13-02.32.01:248][  0]LogConfig: Setting CVar [[r.DefaultFeature.AntiAliasing:1]]
[2023.02.13-02.32.01:248][  0]LogConfig: Setting CVar [[r.DefaultFeature.AutoExposure:1]]
[2023.02.13-02.32.01:248][  0]LogConfig: Applying CVar settings from Section [/Script/Engine.RendererOverrideSettings] File [E:/GibhubUpload/ALS/Saved/Config/Windows/Engine.ini]
[2023.02.13-02.32.01:248][  0]LogConfig: Applying CVar settings from Section [/Script/Engine.StreamingSettings] File [E:/GibhubUpload/ALS/Saved/Config/Windows/Engine.ini]
[2023.02.13-02.32.01:248][  0]LogConfig: Setting CVar [[s.MinBulkDataSizeForAsyncLoading:131072]]
[2023.02.13-02.32.01:248][  0]LogConfig: Setting CVar [[s.AsyncLoadingThreadEnabled:0]]
[2023.02.13-02.32.01:248][  0]LogConfig: Setting CVar [[s.EventDrivenLoaderEnabled:1]]
[2023.02.13-02.32.01:248][  0]LogConfig: Setting CVar [[s.WarnIfTimeLimitExceeded:0]]
[2023.02.13-02.32.01:248][  0]LogConfig: Setting CVar [[s.TimeLimitExceededMultiplier:1.5]]
[2023.02.13-02.32.01:248][  0]LogConfig: Setting CVar [[s.TimeLimitExceededMinTime:0.005]]
[2023.02.13-02.32.01:248][  0]LogConfig: Setting CVar [[s.UseBackgroundLevelStreaming:1]]
[2023.02.13-02.32.01:248][  0]LogConfig: Setting CVar [[s.PriorityAsyncLoadingExtraTime:15.0]]
[2023.02.13-02.32.01:248][  0]LogConfig: Setting CVar [[s.LevelStreamingActorsUpdateTimeLimit:5.0]]
[2023.02.13-02.32.01:248][  0]LogConfig: Setting CVar [[s.PriorityLevelStreamingActorsUpdateExtraTime:5.0]]
[2023.02.13-02.32.01:248][  0]LogConfig: Setting CVar [[s.LevelStreamingComponentsRegistrationGranularity:10]]
[2023.02.13-02.32.01:248][  0]LogConfig: Setting CVar [[s.UnregisterComponentsTimeLimit:1.0]]
[2023.02.13-02.32.01:248][  0]LogConfig: Setting CVar [[s.LevelStreamingComponentsUnregistrationGranularity:5]]
[2023.02.13-02.32.01:248][  0]LogConfig: Setting CVar [[s.FlushStreamingOnExit:1]]
[2023.02.13-02.32.01:248][  0]LogConfig: Applying CVar settings from Section [/Script/Engine.GarbageCollectionSettings] File [E:/GibhubUpload/ALS/Saved/Config/Windows/Engine.ini]
[2023.02.13-02.32.01:248][  0]LogConfig: Setting CVar [[gc.MaxObjectsNotConsideredByGC:1]]
[2023.02.13-02.32.01:248][  0]LogConfig: Setting CVar [[gc.SizeOfPermanentObjectPool:0]]
[2023.02.13-02.32.01:248][  0]LogConfig: Setting CVar [[gc.FlushStreamingOnGC:0]]
[2023.02.13-02.32.01:248][  0]LogConfig: Setting CVar [[gc.NumRetriesBeforeForcingGC:10]]
[2023.02.13-02.32.01:248][  0]LogConfig: Setting CVar [[gc.AllowParallelGC:1]]
[2023.02.13-02.32.01:248][  0]LogConfig: Setting CVar [[gc.TimeBetweenPurgingPendingKillObjects:61.1]]
[2023.02.13-02.32.01:248][  0]LogConfig: Setting CVar [[gc.MaxObjectsInEditor:25165824]]
[2023.02.13-02.32.01:248][  0]LogConfig: Setting CVar [[gc.IncrementalBeginDestroyEnabled:1]]
[2023.02.13-02.32.01:248][  0]LogConfig: Setting CVar [[gc.CreateGCClusters:1]]
[2023.02.13-02.32.01:248][  0]LogConfig: Setting CVar [[gc.MinGCClusterSize:5]]
[2023.02.13-02.32.01:248][  0]LogConfig: Setting CVar [[gc.ActorClusteringEnabled:0]]
[2023.02.13-02.32.01:248][  0]LogConfig: Setting CVar [[gc.BlueprintClusteringEnabled:0]]
[2023.02.13-02.32.01:248][  0]LogConfig: Setting CVar [[gc.UseDisregardForGCOnDedicatedServers:0]]
[2023.02.13-02.32.01:248][  0]LogConfig: Setting CVar [[gc.MultithreadedDestructionEnabled:1]]
[2023.02.13-02.32.01:248][  0]LogConfig: Applying CVar settings from Section [/Script/Engine.NetworkSettings] File [E:/GibhubUpload/ALS/Saved/Config/Windows/Engine.ini]
[2023.02.13-02.32.01:248][  0]LogConfig: Applying CVar settings from Section [/Script/UnrealEd.CookerSettings] File [E:/GibhubUpload/ALS/Saved/Config/Windows/Engine.ini]
[2023.02.13-02.32.01:261][  0]LogConfig: Applying CVar settings from Section [ViewDistanceQuality@3] File [E:/GibhubUpload/ALS/Saved/Config/Windows/Scalability.ini]
[2023.02.13-02.32.01:261][  0]LogConfig: Setting CVar [[r.SkeletalMeshLODBias:0]]
[2023.02.13-02.32.01:261][  0]LogConfig: Setting CVar [[r.ViewDistanceScale:1.0]]
[2023.02.13-02.32.01:261][  0]LogConfig: Applying CVar settings from Section [AntiAliasingQuality@3] File [E:/GibhubUpload/ALS/Saved/Config/Windows/Scalability.ini]
[2023.02.13-02.32.01:261][  0]LogConfig: Setting CVar [[r.PostProcessAAQuality:4]]
[2023.02.13-02.32.01:261][  0]LogConfig: Applying CVar settings from Section [ShadowQuality@3] File [E:/GibhubUpload/ALS/Saved/Config/Windows/Scalability.ini]
[2023.02.13-02.32.01:261][  0]LogConfig: Setting CVar [[r.LightFunctionQuality:1]]
[2023.02.13-02.32.01:261][  0]LogConfig: Setting CVar [[r.ShadowQuality:5]]
[2023.02.13-02.32.01:261][  0]LogConfig: Setting CVar [[r.Shadow.CSM.MaxCascades:10]]
[2023.02.13-02.32.01:261][  0]LogConfig: Setting CVar [[r.Shadow.MaxResolution:2048]]
[2023.02.13-02.32.01:261][  0]LogConfig: Setting CVar [[r.Shadow.MaxCSMResolution:2048]]
[2023.02.13-02.32.01:261][  0]LogConfig: Setting CVar [[r.Shadow.RadiusThreshold:0.01]]
[2023.02.13-02.32.01:261][  0]LogConfig: Setting CVar [[r.Shadow.DistanceScale:1.0]]
[2023.02.13-02.32.01:261][  0]LogConfig: Setting CVar [[r.Shadow.CSM.TransitionScale:1.0]]
[2023.02.13-02.32.01:261][  0]LogConfig: Setting CVar [[r.Shadow.PreShadowResolutionFactor:1.0]]
[2023.02.13-02.32.01:261][  0]LogConfig: Setting CVar [[r.DistanceFieldShadowing:1]]
[2023.02.13-02.32.01:261][  0]LogConfig: Setting CVar [[r.DistanceFieldAO:1]]
[2023.02.13-02.32.01:261][  0]LogConfig: Setting CVar [[r.AOQuality:2]]
[2023.02.13-02.32.01:261][  0]LogConfig: Setting CVar [[r.VolumetricFog:1]]
[2023.02.13-02.32.01:261][  0]LogConfig: Setting CVar [[r.VolumetricFog.GridPixelSize:8]]
[2023.02.13-02.32.01:261][  0]LogConfig: Setting CVar [[r.VolumetricFog.GridSizeZ:128]]
[2023.02.13-02.32.01:261][  0]LogConfig: Setting CVar [[r.VolumetricFog.HistoryMissSupersampleCount:4]]
[2023.02.13-02.32.01:261][  0]LogConfig: Setting CVar [[r.LightMaxDrawDistanceScale:1]]
[2023.02.13-02.32.01:261][  0]LogConfig: Setting CVar [[r.CapsuleShadows:1]]
[2023.02.13-02.32.01:261][  0]LogConfig: Applying CVar settings from Section [PostProcessQuality@3] File [E:/GibhubUpload/ALS/Saved/Config/Windows/Scalability.ini]
[2023.02.13-02.32.01:261][  0]LogConfig: Setting CVar [[r.MotionBlurQuality:4]]
[2023.02.13-02.32.01:261][  0]LogConfig: Setting CVar [[r.AmbientOcclusionMipLevelFactor:0.4]]
[2023.02.13-02.32.01:261][  0]LogConfig: Setting CVar [[r.AmbientOcclusionMaxQuality:100]]
[2023.02.13-02.32.01:261][  0]LogConfig: Setting CVar [[r.AmbientOcclusionLevels:-1]]
[2023.02.13-02.32.01:261][  0]LogConfig: Setting CVar [[r.AmbientOcclusionRadiusScale:1.0]]
[2023.02.13-02.32.01:261][  0]LogConfig: Setting CVar [[r.DepthOfFieldQuality:2]]
[2023.02.13-02.32.01:261][  0]LogConfig: Setting CVar [[r.RenderTargetPoolMin:400]]
[2023.02.13-02.32.01:261][  0]LogConfig: Setting CVar [[r.LensFlareQuality:2]]
[2023.02.13-02.32.01:261][  0]LogConfig: Setting CVar [[r.SceneColorFringeQuality:1]]
[2023.02.13-02.32.01:261][  0]LogConfig: Setting CVar [[r.EyeAdaptationQuality:2]]
[2023.02.13-02.32.01:261][  0]LogConfig: Setting CVar [[r.BloomQuality:5]]
[2023.02.13-02.32.01:261][  0]LogConfig: Setting CVar [[r.FastBlurThreshold:100]]
[2023.02.13-02.32.01:261][  0]LogConfig: Setting CVar [[r.Upscale.Quality:3]]
[2023.02.13-02.32.01:261][  0]LogConfig: Setting CVar [[r.Tonemapper.GrainQuantization:1]]
[2023.02.13-02.32.01:261][  0]LogConfig: Setting CVar [[r.LightShaftQuality:1]]
[2023.02.13-02.32.01:261][  0]LogConfig: Setting CVar [[r.Filter.SizeScale:1]]
[2023.02.13-02.32.01:261][  0]LogConfig: Setting CVar [[r.Tonemapper.Quality:5]]
[2023.02.13-02.32.01:261][  0]LogConfig: Setting CVar [[r.DOF.Gather.AccumulatorQuality:1        ; higher gathering accumulator quality]]
[2023.02.13-02.32.01:261][  0]LogConfig: Setting CVar [[r.DOF.Gather.PostfilterMethod:1          ; Median3x3 postfilering method]]
[2023.02.13-02.32.01:261][  0]LogConfig: Setting CVar [[r.DOF.Gather.EnableBokehSettings:0       ; no bokeh simulation when gathering]]
[2023.02.13-02.32.01:261][  0]LogConfig: Setting CVar [[r.DOF.Gather.RingCount:4                 ; medium number of samples when gathering]]
[2023.02.13-02.32.01:261][  0]LogConfig: Setting CVar [[r.DOF.Scatter.ForegroundCompositing:1    ; additive foreground scattering]]
[2023.02.13-02.32.01:261][  0]LogConfig: Setting CVar [[r.DOF.Scatter.BackgroundCompositing:2    ; additive background scattering]]
[2023.02.13-02.32.01:261][  0]LogConfig: Setting CVar [[r.DOF.Scatter.EnableBokehSettings:1      ; bokeh simulation when scattering]]
[2023.02.13-02.32.01:261][  0]LogConfig: Setting CVar [[r.DOF.Scatter.MaxSpriteRatio:0.1         ; only a maximum of 10% of scattered bokeh]]
[2023.02.13-02.32.01:261][  0]LogConfig: Setting CVar [[r.DOF.Recombine.Quality:1                ; cheap slight out of focus]]
[2023.02.13-02.32.01:261][  0]LogConfig: Setting CVar [[r.DOF.Recombine.EnableBokehSettings:0    ; no bokeh simulation on slight out of focus]]
[2023.02.13-02.32.01:261][  0]LogConfig: Setting CVar [[r.DOF.TemporalAAQuality:1                ; more stable temporal accumulation]]
[2023.02.13-02.32.01:261][  0]LogConfig: Setting CVar [[r.DOF.Kernel.MaxForegroundRadius:0.025]]
[2023.02.13-02.32.01:261][  0]LogConfig: Setting CVar [[r.DOF.Kernel.MaxBackgroundRadius:0.025]]
[2023.02.13-02.32.01:261][  0]LogConfig: Applying CVar settings from Section [TextureQuality@3] File [E:/GibhubUpload/ALS/Saved/Config/Windows/Scalability.ini]
[2023.02.13-02.32.01:261][  0]LogConfig: Setting CVar [[r.Streaming.MipBias:0]]
[2023.02.13-02.32.01:261][  0]LogConfig: Setting CVar [[r.Streaming.AmortizeCPUToGPUCopy:0]]
[2023.02.13-02.32.01:261][  0]LogConfig: Setting CVar [[r.Streaming.MaxNumTexturesToStreamPerFrame:0]]
[2023.02.13-02.32.01:261][  0]LogConfig: Setting CVar [[r.Streaming.Boost:1]]
[2023.02.13-02.32.01:261][  0]LogConfig: Setting CVar [[r.MaxAnisotropy:8]]
[2023.02.13-02.32.01:261][  0]LogConfig: Setting CVar [[r.VT.MaxAnisotropy:8]]
[2023.02.13-02.32.01:261][  0]LogConfig: Setting CVar [[r.Streaming.LimitPoolSizeToVRAM:0]]
[2023.02.13-02.32.01:261][  0]LogConfig: Setting CVar [[r.Streaming.PoolSize:1000]]
[2023.02.13-02.32.01:261][  0]LogConfig: Setting CVar [[r.Streaming.MaxEffectiveScreenSize:0]]
[2023.02.13-02.32.01:261][  0]LogConfig: Applying CVar settings from Section [EffectsQuality@3] File [E:/GibhubUpload/ALS/Saved/Config/Windows/Scalability.ini]
[2023.02.13-02.32.01:261][  0]LogConfig: Setting CVar [[r.TranslucencyLightingVolumeDim:64]]
[2023.02.13-02.32.01:261][  0]LogConfig: Setting CVar [[r.RefractionQuality:2]]
[2023.02.13-02.32.01:261][  0]LogConfig: Setting CVar [[r.SSR.Quality:3]]
[2023.02.13-02.32.01:261][  0]LogConfig: Setting CVar [[r.SSR.HalfResSceneColor:0]]
[2023.02.13-02.32.01:261][  0]LogConfig: Setting CVar [[r.SceneColorFormat:4]]
[2023.02.13-02.32.01:262][  0]LogConfig: Setting CVar [[r.DetailMode:2]]
[2023.02.13-02.32.01:262][  0]LogConfig: Setting CVar [[r.TranslucencyVolumeBlur:1]]
[2023.02.13-02.32.01:262][  0]LogConfig: Setting CVar [[r.MaterialQualityLevel:1 ; High quality]]
[2023.02.13-02.32.01:262][  0]LogConfig: Setting CVar [[r.AnisotropicMaterials:1]]
[2023.02.13-02.32.01:262][  0]LogConfig: Setting CVar [[r.SSS.Scale:1]]
[2023.02.13-02.32.01:262][  0]LogConfig: Setting CVar [[r.SSS.SampleSet:2]]
[2023.02.13-02.32.01:262][  0]LogConfig: Setting CVar [[r.SSS.Quality:1]]
[2023.02.13-02.32.01:262][  0]LogConfig: Setting CVar [[r.SSS.HalfRes:0]]
[2023.02.13-02.32.01:262][  0]LogConfig: Setting CVar [[r.SSGI.Quality:3]]
[2023.02.13-02.32.01:262][  0]LogConfig: Setting CVar [[r.EmitterSpawnRateScale:1.0]]
[2023.02.13-02.32.01:262][  0]LogConfig: Setting CVar [[r.ParticleLightQuality:2]]
[2023.02.13-02.32.01:262][  0]LogConfig: Setting CVar [[r.SkyAtmosphere.AerialPerspectiveLUT.FastApplyOnOpaque:1 ; Always have FastSkyLUT 1 in this case to avoid wrong sky]]
[2023.02.13-02.32.01:262][  0]LogConfig: Setting CVar [[r.SkyAtmosphere.AerialPerspectiveLUT.SampleCountMaxPerSlice:4]]
[2023.02.13-02.32.01:262][  0]LogConfig: Setting CVar [[r.SkyAtmosphere.AerialPerspectiveLUT.DepthResolution:16.0]]
[2023.02.13-02.32.01:262][  0]LogConfig: Setting CVar [[r.SkyAtmosphere.FastSkyLUT:1]]
[2023.02.13-02.32.01:262][  0]LogConfig: Setting CVar [[r.SkyAtmosphere.FastSkyLUT.SampleCountMin:4.0]]
[2023.02.13-02.32.01:262][  0]LogConfig: Setting CVar [[r.SkyAtmosphere.FastSkyLUT.SampleCountMax:128.0]]
[2023.02.13-02.32.01:262][  0]LogConfig: Setting CVar [[r.SkyAtmosphere.SampleCountMin:4.0]]
[2023.02.13-02.32.01:262][  0]LogConfig: Setting CVar [[r.SkyAtmosphere.SampleCountMax:128.0]]
[2023.02.13-02.32.01:262][  0]LogConfig: Setting CVar [[r.SkyAtmosphere.TransmittanceLUT.UseSmallFormat:0]]
[2023.02.13-02.32.01:262][  0]LogConfig: Setting CVar [[r.SkyAtmosphere.TransmittanceLUT.SampleCount:10.0]]
[2023.02.13-02.32.01:262][  0]LogConfig: Setting CVar [[r.SkyAtmosphere.MultiScatteringLUT.SampleCount:15.0]]
[2023.02.13-02.32.01:262][  0]LogConfig: Setting CVar [[r.SkyLight.RealTimeReflectionCapture:1]]
[2023.02.13-02.32.01:262][  0]LogConfig: Applying CVar settings from Section [FoliageQuality@3] File [E:/GibhubUpload/ALS/Saved/Config/Windows/Scalability.ini]
[2023.02.13-02.32.01:262][  0]LogConfig: Setting CVar [[foliage.DensityScale:1.0]]
[2023.02.13-02.32.01:262][  0]LogConfig: Setting CVar [[grass.DensityScale:1.0]]
[2023.02.13-02.32.01:262][  0]LogConfig: Applying CVar settings from Section [ShadingQuality@3] File [E:/GibhubUpload/ALS/Saved/Config/Windows/Scalability.ini]
[2023.02.13-02.32.01:262][  0]LogConfig: Setting CVar [[r.HairStrands.SkyLighting.IntegrationType:2]]
[2023.02.13-02.32.01:262][  0]LogConfig: Setting CVar [[r.HairStrands.SkyAO.SampleCount:4]]
[2023.02.13-02.32.01:262][  0]LogConfig: Setting CVar [[r.HairStrands.Visibility.MSAA.SamplePerPixel:4]]
[2023.02.13-02.32.01:262][  0]LogInit: Selected Device Profile: [Windows]
[2023.02.13-02.32.01:262][  0]LogInit: Applying CVar settings loaded from the selected device profile: [Windows]
[2023.02.13-02.32.01:262][  0]LogHAL: Display: Platform has ~ 16 GB [17017479168 / 17179869184 / 16], which maps to Larger [LargestMinGB=32, LargerMinGB=12, DefaultMinGB=8, SmallerMinGB=6, SmallestMinGB=0)
[2023.02.13-02.32.01:262][  0]LogInit: Going up to parent DeviceProfile []
[2023.02.13-02.32.01:262][  0]LogConfig: Applying CVar settings from Section [ViewDistanceQuality@3] File [E:/GibhubUpload/ALS/Saved/Config/Windows/Scalability.ini]
[2023.02.13-02.32.01:262][  0]LogConfig: Setting CVar [[r.SkeletalMeshLODBias:0]]
[2023.02.13-02.32.01:262][  0]LogConfig: Setting CVar [[r.ViewDistanceScale:1.0]]
[2023.02.13-02.32.01:262][  0]LogConfig: Applying CVar settings from Section [AntiAliasingQuality@3] File [E:/GibhubUpload/ALS/Saved/Config/Windows/Scalability.ini]
[2023.02.13-02.32.01:262][  0]LogConfig: Setting CVar [[r.PostProcessAAQuality:4]]
[2023.02.13-02.32.01:262][  0]LogConfig: Applying CVar settings from Section [ShadowQuality@3] File [E:/GibhubUpload/ALS/Saved/Config/Windows/Scalability.ini]
[2023.02.13-02.32.01:262][  0]LogConfig: Setting CVar [[r.LightFunctionQuality:1]]
[2023.02.13-02.32.01:262][  0]LogConfig: Setting CVar [[r.ShadowQuality:5]]
[2023.02.13-02.32.01:262][  0]LogConfig: Setting CVar [[r.Shadow.CSM.MaxCascades:10]]
[2023.02.13-02.32.01:262][  0]LogConfig: Setting CVar [[r.Shadow.MaxResolution:2048]]
[2023.02.13-02.32.01:262][  0]LogConfig: Setting CVar [[r.Shadow.MaxCSMResolution:2048]]
[2023.02.13-02.32.01:262][  0]LogConfig: Setting CVar [[r.Shadow.RadiusThreshold:0.01]]
[2023.02.13-02.32.01:262][  0]LogConfig: Setting CVar [[r.Shadow.DistanceScale:1.0]]
[2023.02.13-02.32.01:262][  0]LogConfig: Setting CVar [[r.Shadow.CSM.TransitionScale:1.0]]
[2023.02.13-02.32.01:262][  0]LogConfig: Setting CVar [[r.Shadow.PreShadowResolutionFactor:1.0]]
[2023.02.13-02.32.01:262][  0]LogConfig: Setting CVar [[r.DistanceFieldShadowing:1]]
[2023.02.13-02.32.01:262][  0]LogConfig: Setting CVar [[r.DistanceFieldAO:1]]
[2023.02.13-02.32.01:262][  0]LogConfig: Setting CVar [[r.AOQuality:2]]
[2023.02.13-02.32.01:262][  0]LogConfig: Setting CVar [[r.VolumetricFog:1]]
[2023.02.13-02.32.01:262][  0]LogConfig: Setting CVar [[r.VolumetricFog.GridPixelSize:8]]
[2023.02.13-02.32.01:262][  0]LogConfig: Setting CVar [[r.VolumetricFog.GridSizeZ:128]]
[2023.02.13-02.32.01:262][  0]LogConfig: Setting CVar [[r.VolumetricFog.HistoryMissSupersampleCount:4]]
[2023.02.13-02.32.01:262][  0]LogConfig: Setting CVar [[r.LightMaxDrawDistanceScale:1]]
[2023.02.13-02.32.01:262][  0]LogConfig: Setting CVar [[r.CapsuleShadows:1]]
[2023.02.13-02.32.01:262][  0]LogConfig: Applying CVar settings from Section [PostProcessQuality@3] File [E:/GibhubUpload/ALS/Saved/Config/Windows/Scalability.ini]
[2023.02.13-02.32.01:262][  0]LogConfig: Setting CVar [[r.MotionBlurQuality:4]]
[2023.02.13-02.32.01:262][  0]LogConfig: Setting CVar [[r.AmbientOcclusionMipLevelFactor:0.4]]
[2023.02.13-02.32.01:262][  0]LogConfig: Setting CVar [[r.AmbientOcclusionMaxQuality:100]]
[2023.02.13-02.32.01:262][  0]LogConfig: Setting CVar [[r.AmbientOcclusionLevels:-1]]
[2023.02.13-02.32.01:262][  0]LogConfig: Setting CVar [[r.AmbientOcclusionRadiusScale:1.0]]
[2023.02.13-02.32.01:262][  0]LogConfig: Setting CVar [[r.DepthOfFieldQuality:2]]
[2023.02.13-02.32.01:262][  0]LogConfig: Setting CVar [[r.RenderTargetPoolMin:400]]
[2023.02.13-02.32.01:262][  0]LogConfig: Setting CVar [[r.LensFlareQuality:2]]
[2023.02.13-02.32.01:262][  0]LogConfig: Setting CVar [[r.SceneColorFringeQuality:1]]
[2023.02.13-02.32.01:262][  0]LogConfig: Setting CVar [[r.EyeAdaptationQuality:2]]
[2023.02.13-02.32.01:262][  0]LogConfig: Setting CVar [[r.BloomQuality:5]]
[2023.02.13-02.32.01:262][  0]LogConfig: Setting CVar [[r.FastBlurThreshold:100]]
[2023.02.13-02.32.01:262][  0]LogConfig: Setting CVar [[r.Upscale.Quality:3]]
[2023.02.13-02.32.01:262][  0]LogConfig: Setting CVar [[r.Tonemapper.GrainQuantization:1]]
[2023.02.13-02.32.01:262][  0]LogConfig: Setting CVar [[r.LightShaftQuality:1]]
[2023.02.13-02.32.01:262][  0]LogConfig: Setting CVar [[r.Filter.SizeScale:1]]
[2023.02.13-02.32.01:262][  0]LogConfig: Setting CVar [[r.Tonemapper.Quality:5]]
[2023.02.13-02.32.01:262][  0]LogConfig: Setting CVar [[r.DOF.Gather.AccumulatorQuality:1        ; higher gathering accumulator quality]]
[2023.02.13-02.32.01:262][  0]LogConfig: Setting CVar [[r.DOF.Gather.PostfilterMethod:1          ; Median3x3 postfilering method]]
[2023.02.13-02.32.01:262][  0]LogConfig: Setting CVar [[r.DOF.Gather.EnableBokehSettings:0       ; no bokeh simulation when gathering]]
[2023.02.13-02.32.01:262][  0]LogConfig: Setting CVar [[r.DOF.Gather.RingCount:4                 ; medium number of samples when gathering]]
[2023.02.13-02.32.01:262][  0]LogConfig: Setting CVar [[r.DOF.Scatter.ForegroundCompositing:1    ; additive foreground scattering]]
[2023.02.13-02.32.01:262][  0]LogConfig: Setting CVar [[r.DOF.Scatter.BackgroundCompositing:2    ; additive background scattering]]
[2023.02.13-02.32.01:262][  0]LogConfig: Setting CVar [[r.DOF.Scatter.EnableBokehSettings:1      ; bokeh simulation when scattering]]
[2023.02.13-02.32.01:262][  0]LogConfig: Setting CVar [[r.DOF.Scatter.MaxSpriteRatio:0.1         ; only a maximum of 10% of scattered bokeh]]
[2023.02.13-02.32.01:262][  0]LogConfig: Setting CVar [[r.DOF.Recombine.Quality:1                ; cheap slight out of focus]]
[2023.02.13-02.32.01:262][  0]LogConfig: Setting CVar [[r.DOF.Recombine.EnableBokehSettings:0    ; no bokeh simulation on slight out of focus]]
[2023.02.13-02.32.01:262][  0]LogConfig: Setting CVar [[r.DOF.TemporalAAQuality:1                ; more stable temporal accumulation]]
[2023.02.13-02.32.01:262][  0]LogConfig: Setting CVar [[r.DOF.Kernel.MaxForegroundRadius:0.025]]
[2023.02.13-02.32.01:262][  0]LogConfig: Setting CVar [[r.DOF.Kernel.MaxBackgroundRadius:0.025]]
[2023.02.13-02.32.01:262][  0]LogConfig: Applying CVar settings from Section [TextureQuality@3] File [E:/GibhubUpload/ALS/Saved/Config/Windows/Scalability.ini]
[2023.02.13-02.32.01:262][  0]LogConfig: Setting CVar [[r.Streaming.MipBias:0]]
[2023.02.13-02.32.01:262][  0]LogConfig: Setting CVar [[r.Streaming.AmortizeCPUToGPUCopy:0]]
[2023.02.13-02.32.01:262][  0]LogConfig: Setting CVar [[r.Streaming.MaxNumTexturesToStreamPerFrame:0]]
[2023.02.13-02.32.01:262][  0]LogConfig: Setting CVar [[r.Streaming.Boost:1]]
[2023.02.13-02.32.01:262][  0]LogConfig: Setting CVar [[r.MaxAnisotropy:8]]
[2023.02.13-02.32.01:262][  0]LogConfig: Setting CVar [[r.VT.MaxAnisotropy:8]]
[2023.02.13-02.32.01:262][  0]LogConfig: Setting CVar [[r.Streaming.LimitPoolSizeToVRAM:0]]
[2023.02.13-02.32.01:262][  0]LogConfig: Setting CVar [[r.Streaming.PoolSize:1000]]
[2023.02.13-02.32.01:262][  0]LogConfig: Setting CVar [[r.Streaming.MaxEffectiveScreenSize:0]]
[2023.02.13-02.32.01:262][  0]LogConfig: Applying CVar settings from Section [EffectsQuality@3] File [E:/GibhubUpload/ALS/Saved/Config/Windows/Scalability.ini]
[2023.02.13-02.32.01:262][  0]LogConfig: Setting CVar [[r.TranslucencyLightingVolumeDim:64]]
[2023.02.13-02.32.01:262][  0]LogConfig: Setting CVar [[r.RefractionQuality:2]]
[2023.02.13-02.32.01:262][  0]LogConfig: Setting CVar [[r.SSR.Quality:3]]
[2023.02.13-02.32.01:262][  0]LogConfig: Setting CVar [[r.SSR.HalfResSceneColor:0]]
[2023.02.13-02.32.01:262][  0]LogConfig: Setting CVar [[r.SceneColorFormat:4]]
[2023.02.13-02.32.01:262][  0]LogConfig: Setting CVar [[r.DetailMode:2]]
[2023.02.13-02.32.01:262][  0]LogConfig: Setting CVar [[r.TranslucencyVolumeBlur:1]]
[2023.02.13-02.32.01:262][  0]LogConfig: Setting CVar [[r.MaterialQualityLevel:1 ; High quality]]
[2023.02.13-02.32.01:262][  0]LogConfig: Setting CVar [[r.AnisotropicMaterials:1]]
[2023.02.13-02.32.01:262][  0]LogConfig: Setting CVar [[r.SSS.Scale:1]]
[2023.02.13-02.32.01:262][  0]LogConfig: Setting CVar [[r.SSS.SampleSet:2]]
[2023.02.13-02.32.01:262][  0]LogConfig: Setting CVar [[r.SSS.Quality:1]]
[2023.02.13-02.32.01:262][  0]LogConfig: Setting CVar [[r.SSS.HalfRes:0]]
[2023.02.13-02.32.01:262][  0]LogConfig: Setting CVar [[r.SSGI.Quality:3]]
[2023.02.13-02.32.01:262][  0]LogConfig: Setting CVar [[r.EmitterSpawnRateScale:1.0]]
[2023.02.13-02.32.01:262][  0]LogConfig: Setting CVar [[r.ParticleLightQuality:2]]
[2023.02.13-02.32.01:262][  0]LogConfig: Setting CVar [[r.SkyAtmosphere.AerialPerspectiveLUT.FastApplyOnOpaque:1 ; Always have FastSkyLUT 1 in this case to avoid wrong sky]]
[2023.02.13-02.32.01:262][  0]LogConfig: Setting CVar [[r.SkyAtmosphere.AerialPerspectiveLUT.SampleCountMaxPerSlice:4]]
[2023.02.13-02.32.01:262][  0]LogConfig: Setting CVar [[r.SkyAtmosphere.AerialPerspectiveLUT.DepthResolution:16.0]]
[2023.02.13-02.32.01:262][  0]LogConfig: Setting CVar [[r.SkyAtmosphere.FastSkyLUT:1]]
[2023.02.13-02.32.01:262][  0]LogConfig: Setting CVar [[r.SkyAtmosphere.FastSkyLUT.SampleCountMin:4.0]]
[2023.02.13-02.32.01:262][  0]LogConfig: Setting CVar [[r.SkyAtmosphere.FastSkyLUT.SampleCountMax:128.0]]
[2023.02.13-02.32.01:263][  0]LogConfig: Setting CVar [[r.SkyAtmosphere.SampleCountMin:4.0]]
[2023.02.13-02.32.01:263][  0]LogConfig: Setting CVar [[r.SkyAtmosphere.SampleCountMax:128.0]]
[2023.02.13-02.32.01:263][  0]LogConfig: Setting CVar [[r.SkyAtmosphere.TransmittanceLUT.UseSmallFormat:0]]
[2023.02.13-02.32.01:263][  0]LogConfig: Setting CVar [[r.SkyAtmosphere.TransmittanceLUT.SampleCount:10.0]]
[2023.02.13-02.32.01:263][  0]LogConfig: Setting CVar [[r.SkyAtmosphere.MultiScatteringLUT.SampleCount:15.0]]
[2023.02.13-02.32.01:263][  0]LogConfig: Setting CVar [[r.SkyLight.RealTimeReflectionCapture:1]]
[2023.02.13-02.32.01:263][  0]LogConfig: Applying CVar settings from Section [FoliageQuality@3] File [E:/GibhubUpload/ALS/Saved/Config/Windows/Scalability.ini]
[2023.02.13-02.32.01:263][  0]LogConfig: Setting CVar [[foliage.DensityScale:1.0]]
[2023.02.13-02.32.01:263][  0]LogConfig: Setting CVar [[grass.DensityScale:1.0]]
[2023.02.13-02.32.01:263][  0]LogConfig: Applying CVar settings from Section [ShadingQuality@3] File [E:/GibhubUpload/ALS/Saved/Config/Windows/Scalability.ini]
[2023.02.13-02.32.01:263][  0]LogConfig: Setting CVar [[r.HairStrands.SkyLighting.IntegrationType:2]]
[2023.02.13-02.32.01:263][  0]LogConfig: Setting CVar [[r.HairStrands.SkyAO.SampleCount:4]]
[2023.02.13-02.32.01:263][  0]LogConfig: Setting CVar [[r.HairStrands.Visibility.MSAA.SamplePerPixel:4]]
[2023.02.13-02.32.01:263][  0]LogConfig: Applying CVar settings from Section [Startup] File [../../../Engine/Config/ConsoleVariables.ini]
[2023.02.13-02.32.01:263][  0]LogConfig: Setting CVar [[net.UseAdaptiveNetUpdateFrequency:0]]
[2023.02.13-02.32.01:263][  0]LogConfig: Setting CVar [[p.chaos.AllowCreatePhysxBodies:1]]
[2023.02.13-02.32.01:263][  0]LogConfig: Setting CVar [[fx.SkipVectorVMBackendOptimizations:1]]
[2023.02.13-02.32.01:263][  0]LogConfig: Applying CVar settings from Section [ConsoleVariables] File [E:/GibhubUpload/ALS/Saved/Config/Windows/Engine.ini]
[2023.02.13-02.32.01:263][  0]LogConfig: Applying CVar settings from Section [ConsoleVariables] File [E:/GibhubUpload/ALS/Saved/Config/Windows/Editor.ini]
[2023.02.13-02.32.01:263][  0]LogInit: Computer: DESKTOP-7HU7IFU
[2023.02.13-02.32.01:263][  0]LogInit: User: 杨先森sMiniComputer
[2023.02.13-02.32.01:263][  0]LogInit: CPU Page size=4096, Cores=6
[2023.02.13-02.32.01:263][  0]LogInit: High frequency timer resolution =10.000000 MHz
[2023.02.13-02.32.01:263][  0]LogMemory: Memory total: Physical=15.8GB (16GB approx)
[2023.02.13-02.32.01:263][  0]LogMemory: Platform Memory Stats for Windows
[2023.02.13-02.32.01:263][  0]LogMemory: Process Physical Memory: 148.94 MB used, 148.95 MB peak
[2023.02.13-02.32.01:263][  0]LogMemory: Process Virtual Memory: 121.76 MB used, 121.76 MB peak
[2023.02.13-02.32.01:263][  0]LogMemory: Physical Memory: 9031.70 MB used,  7197.43 MB free, 16229.13 MB total
[2023.02.13-02.32.01:263][  0]LogMemory: Virtual Memory: 134207152.00 MB used,  10575.51 MB free, 134217728.00 MB total
[2023.02.13-02.32.01:267][  0]LogWindows: WindowsPlatformFeatures enabled
[2023.02.13-02.32.01:300][  0]LogInit: Physics initialised using underlying interface: PhysX
[2023.02.13-02.32.01:301][  0]LogInit: Overriding language with editor language configuration option (en).
[2023.02.13-02.32.01:301][  0]LogInit: Using OS detected locale (zh-CN).
[2023.02.13-02.32.01:424][  0]LogInit: Setting process to per monitor DPI aware
[2023.02.13-02.32.01:439][  0]LogWindowsTextInputMethodSystem: Display: IME system deactivated.
[2023.02.13-02.32.01:448][  0]LogSlate: New Slate User Created.  User Index 0, Is Virtual User: 0
[2023.02.13-02.32.01:448][  0]LogSlate: Slate User Registered.  User Index 0, Is Virtual User: 0
[2023.02.13-02.32.01:524][  0]LogD3D11RHI: Loaded GFSDK_Aftermath_Lib.x64.dll
[2023.02.13-02.32.01:527][  0]LogHMD: Failed to initialize OpenVR with code 110
[2023.02.13-02.32.01:527][  0]LogD3D11RHI: D3D11 min allowed feature level: 11_0
[2023.02.13-02.32.01:527][  0]LogD3D11RHI: D3D11 max allowed feature level: 11_0
[2023.02.13-02.32.01:527][  0]LogD3D11RHI: D3D11 adapters:
[2023.02.13-02.32.01:633][  0]LogD3D11RHI:    0. 'NVIDIA GeForce GTX 1650 SUPER' (Feature Level 11_0)
[2023.02.13-02.32.01:633][  0]LogD3D11RHI:       3943/0/8114 MB DedicatedVideo/DedicatedSystem/SharedSystem, Outputs:1, VendorId:0x10de
[2023.02.13-02.32.01:634][  0]LogD3D11RHI:    1. 'Microsoft Basic Render Driver' (Feature Level 11_0)
[2023.02.13-02.32.01:634][  0]LogD3D11RHI:       0/0/8114 MB DedicatedVideo/DedicatedSystem/SharedSystem, Outputs:0, VendorId:0x1414
[2023.02.13-02.32.01:705][  0]LogD3D11RHI:    2. 'NVIDIA GeForce GTX 1650 SUPER' (Feature Level 11_0)
[2023.02.13-02.32.01:705][  0]LogD3D11RHI:       3943/0/8114 MB DedicatedVideo/DedicatedSystem/SharedSystem, Outputs:0, VendorId:0x10de
[2023.02.13-02.32.01:705][  0]LogD3D11RHI: Chosen D3D11 Adapter:
[2023.02.13-02.32.01:705][  0]LogD3D11RHI:     Description : NVIDIA GeForce GTX 1650 SUPER
[2023.02.13-02.32.01:705][  0]LogD3D11RHI:     VendorId    : 10de
[2023.02.13-02.32.01:705][  0]LogD3D11RHI:     DeviceId    : 2187
[2023.02.13-02.32.01:705][  0]LogD3D11RHI:     SubSysId    : 20007377
[2023.02.13-02.32.01:705][  0]LogD3D11RHI:     Revision    : 00a1
[2023.02.13-02.32.01:705][  0]LogD3D11RHI:     DedicatedVideoMemory : 4134535168 bytes
[2023.02.13-02.32.01:705][  0]LogD3D11RHI:     DedicatedSystemMemory : 0 bytes
[2023.02.13-02.32.01:705][  0]LogD3D11RHI:     SharedSystemMemory : 8508739584 bytes
[2023.02.13-02.32.01:706][  0]LogD3D11RHI:     AdapterLuid : 0 59878
[2023.02.13-02.32.01:710][  0]LogD3D11RHI: Creating new Direct3DDevice
[2023.02.13-02.32.01:710][  0]LogD3D11RHI:     GPU DeviceId: 0x2187 (for the marketing name, search the web for "GPU Device Id")
[2023.02.13-02.32.01:710][  0]LogWindows: EnumDisplayDevices:
[2023.02.13-02.32.01:710][  0]LogWindows:    0. 'NVIDIA GeForce GTX 1650 SUPER' (P:1 D:1)
[2023.02.13-02.32.01:711][  0]LogWindows:    1. 'NVIDIA GeForce GTX 1650 SUPER' (P:0 D:0)
[2023.02.13-02.32.01:711][  0]LogWindows:    2. 'NVIDIA GeForce GTX 1650 SUPER' (P:0 D:0)
[2023.02.13-02.32.01:711][  0]LogWindows:    3. 'NVIDIA GeForce GTX 1650 SUPER' (P:0 D:0)
[2023.02.13-02.32.01:711][  0]LogWindows:    4. 'Virtual Display Device' (P:0 D:0)
[2023.02.13-02.32.01:712][  0]LogWindows: DebugString: GetVideoDriverDetailsInvalid PrimaryIsNotTheChoosenAdapter FoundDriverCount:4 
[2023.02.13-02.32.01:712][  0]LogD3D11RHI:     Adapter Name: NVIDIA GeForce GTX 1650 SUPER
[2023.02.13-02.32.01:712][  0]LogD3D11RHI:   Driver Version: 527.56 (internal:31.0.15.2756, unified:527.56)
[2023.02.13-02.32.01:712][  0]LogD3D11RHI:      Driver Date: 12-5-2022
[2023.02.13-02.32.01:712][  0]LogRHI: Texture pool is 2760 MB (70% of 3943 MB)
[2023.02.13-02.32.01:712][  0]LogD3D11RHI: Creating D3DDevice using adapter:
[2023.02.13-02.32.01:712][  0]LogD3D11RHI:     Description : NVIDIA GeForce GTX 1650 SUPER
[2023.02.13-02.32.01:712][  0]LogD3D11RHI:     VendorId    : 10de
[2023.02.13-02.32.01:712][  0]LogD3D11RHI:     DeviceId    : 2187
[2023.02.13-02.32.01:712][  0]LogD3D11RHI:     SubSysId    : 20007377
[2023.02.13-02.32.01:712][  0]LogD3D11RHI:     Revision    : 00a1
[2023.02.13-02.32.01:712][  0]LogD3D11RHI:     DedicatedVideoMemory : 4134535168 bytes
[2023.02.13-02.32.01:712][  0]LogD3D11RHI:     DedicatedSystemMemory : 0 bytes
[2023.02.13-02.32.01:712][  0]LogD3D11RHI:     SharedSystemMemory : 8508739584 bytes
[2023.02.13-02.32.01:712][  0]LogD3D11RHI:     AdapterLuid : 0 59878
[2023.02.13-02.32.01:772][  0]LogD3D11RHI: RHI has support for 64 bit atomics
[2023.02.13-02.32.01:772][  0]LogD3D11RHI: Async texture creation enabled
[2023.02.13-02.32.01:772][  0]LogD3D11RHI: Array index from any shader is supported
[2023.02.13-02.32.01:773][  0]LogD3D11RHI: HDR output is supported on display 0 (NvId: 0x80061081).
[2023.02.13-02.32.01:784][  0]LogD3D11RHI: GPU Timing Frequency: 1000.000000 (Debug: 2 1)
[2023.02.13-02.32.01:807][  0]LogRHI: GeForceNow SDK initialized: 1
[2023.02.13-02.32.02:040][  0]LogTargetPlatformManager: Display: Loaded TargetPlatform 'AllDesktop'
[2023.02.13-02.32.02:054][  0]LogTargetPlatformManager: Display: Loaded TargetPlatform 'Android'
[2023.02.13-02.32.02:055][  0]LogTargetPlatformManager: Display: Loaded TargetPlatform 'Android_ASTC'
[2023.02.13-02.32.02:055][  0]LogTargetPlatformManager: Display: Loaded TargetPlatform 'Android_DXT'
[2023.02.13-02.32.02:055][  0]LogTargetPlatformManager: Display: Loaded TargetPlatform 'Android_ETC2'
[2023.02.13-02.32.02:055][  0]LogTargetPlatformManager: Display: Loaded TargetPlatform 'AndroidClient'
[2023.02.13-02.32.02:055][  0]LogTargetPlatformManager: Display: Loaded TargetPlatform 'Android_ASTCClient'
[2023.02.13-02.32.02:055][  0]LogTargetPlatformManager: Display: Loaded TargetPlatform 'Android_DXTClient'
[2023.02.13-02.32.02:055][  0]LogTargetPlatformManager: Display: Loaded TargetPlatform 'Android_ETC2Client'
[2023.02.13-02.32.02:055][  0]LogTargetPlatformManager: Display: Loaded TargetPlatform 'Android_Multi'
[2023.02.13-02.32.02:055][  0]LogTargetPlatformManager: Display: Loaded TargetPlatform 'Android_MultiClient'
[2023.02.13-02.32.02:067][  0]LogTargetPlatformManager: Display: Loaded TargetPlatform 'IOSClient'
[2023.02.13-02.32.02:067][  0]LogTargetPlatformManager: Display: Loaded TargetPlatform 'IOS'
[2023.02.13-02.32.02:074][  0]LogTargetPlatformManager: Display: Loaded TargetPlatform 'Linux'
[2023.02.13-02.32.02:077][  0]LogTargetPlatformManager: Display: Loaded TargetPlatform 'LinuxNoEditor'
[2023.02.13-02.32.02:080][  0]LogTargetPlatformManager: Display: Loaded TargetPlatform 'LinuxClient'
[2023.02.13-02.32.02:083][  0]LogTargetPlatformManager: Display: Loaded TargetPlatform 'LinuxServer'
[2023.02.13-02.32.02:089][  0]LogTargetPlatformManager: Display: Loaded TargetPlatform 'LinuxAArch64NoEditor'
[2023.02.13-02.32.02:092][  0]LogTargetPlatformManager: Display: Loaded TargetPlatform 'LinuxAArch64Client'
[2023.02.13-02.32.02:095][  0]LogTargetPlatformManager: Display: Loaded TargetPlatform 'LinuxAArch64Server'
[2023.02.13-02.32.02:111][  0]LogTargetPlatformManager: Display: Loaded TargetPlatform 'Lumin'
[2023.02.13-02.32.02:111][  0]LogTargetPlatformManager: Display: Loaded TargetPlatform 'LuminClient'
[2023.02.13-02.32.02:116][  0]LogTargetPlatformManager: Display: Loaded TargetPlatform 'MacNoEditor'
[2023.02.13-02.32.02:119][  0]LogTargetPlatformManager: Display: Loaded TargetPlatform 'Mac'
[2023.02.13-02.32.02:122][  0]LogTargetPlatformManager: Display: Loaded TargetPlatform 'MacClient'
[2023.02.13-02.32.02:125][  0]LogTargetPlatformManager: Display: Loaded TargetPlatform 'MacServer'
[2023.02.13-02.32.02:132][  0]LogTargetPlatformManager: Display: Loaded TargetPlatform 'TVOSClient'
[2023.02.13-02.32.02:132][  0]LogTargetPlatformManager: Display: Loaded TargetPlatform 'TVOS'
[2023.02.13-02.32.02:138][  0]LogTargetPlatformManager: Display: Loaded TargetPlatform 'WindowsNoEditor'
[2023.02.13-02.32.02:142][  0]LogTargetPlatformManager: Display: Loaded TargetPlatform 'Windows'
[2023.02.13-02.32.02:145][  0]LogTargetPlatformManager: Display: Loaded TargetPlatform 'WindowsClient'
[2023.02.13-02.32.02:148][  0]LogTargetPlatformManager: Display: Loaded TargetPlatform 'WindowsServer'
[2023.02.13-02.32.02:148][  0]LogTargetPlatformManager: Display: Building Assets For Windows
[2023.02.13-02.32.02:153][  0]LogAudioDebug: Display: Lib vorbis DLL was dynamically loaded.
[2023.02.13-02.32.02:175][  0]LogTextureFormatOodle: Display: Oodle Texture 2.9.0 init RDO Off
[2023.02.13-02.32.02:198][  0]LogRendererCore: Ray tracing is disabled. Reason: r.RayTracing=0.
[2023.02.13-02.32.02:199][  0]LogShaderCompilers: Guid format shader working directory is 24 characters bigger than the processId version (E:/GibhubUpload/ALS/Intermediate/Shaders/WorkingDirectory/20084/).
[2023.02.13-02.32.02:199][  0]LogShaderCompilers: Cleaned the shader compiler working directory 'C:/Users/yss/AppData/Local/Temp/UnrealShaderWorkingDir/D266DC80457A82C52ECA0BAB068E46D4/'.
[2023.02.13-02.32.02:199][  0]LogXGEController: Cannot use XGE Controller as Incredibuild is not installed on this machine.
[2023.02.13-02.32.02:199][  0]LogShaderCompilers: Cannot use XGE Shader Compiler as Incredibuild is not installed on this machine.
[2023.02.13-02.32.02:199][  0]LogShaderCompilers: Display: Using Local Shader Compiler.
[2023.02.13-02.32.02:773][  0]LogDerivedDataCache: Display: Max Cache Size: 512 MB
[2023.02.13-02.32.02:821][  0]LogDerivedDataCache: Loaded boot cache 0.05s 94MB C:/Users/yss/AppData/Local/UnrealEngine/4.27/DerivedDataCache/Boot.ddc.
[2023.02.13-02.32.02:821][  0]LogDerivedDataCache: Display: Loaded Boot cache: C:/Users/yss/AppData/Local/UnrealEngine/4.27/DerivedDataCache/Boot.ddc
[2023.02.13-02.32.02:821][  0]LogDerivedDataCache: FDerivedDataBackendGraph:  Pak pak cache file E:/GibhubUpload/ALS/DerivedDataCache/DDC.ddp not found, will not use a pak cache.
[2023.02.13-02.32.02:821][  0]LogDerivedDataCache: Unable to find inner node Pak for hierarchical cache Hierarchy.
[2023.02.13-02.32.02:821][  0]LogDerivedDataCache: FDerivedDataBackendGraph:  CompressedPak pak cache file E:/GibhubUpload/ALS/DerivedDataCache/Compressed.ddp not found, will not use a pak cache.
[2023.02.13-02.32.02:821][  0]LogDerivedDataCache: Unable to find inner node CompressedPak for hierarchical cache Hierarchy.
[2023.02.13-02.32.02:822][  0]LogDerivedDataCache: FDerivedDataBackendGraph:  EnginePak pak cache file ../../../Engine/DerivedDataCache/Compressed.ddp not found, will not use a pak cache.
[2023.02.13-02.32.02:822][  0]LogDerivedDataCache: Unable to find inner node EnginePak for hierarchical cache Hierarchy.
[2023.02.13-02.32.02:822][  0]LogDerivedDataCache: FDerivedDataBackendGraph:  EnterprisePak pak cache file ../../../Enterprise/DerivedDataCache/Compressed.ddp not found, will not use a pak cache.
[2023.02.13-02.32.02:822][  0]LogDerivedDataCache: Unable to find inner node EnterprisePak for hierarchical cache Hierarchy.
[2023.02.13-02.32.02:826][  0]LogDerivedDataCache: Speed tests for E:/UE_Cache took 0.00 seconds
[2023.02.13-02.32.02:826][  0]LogDerivedDataCache: Display: Performance to E:/UE_Cache: Latency=0.00ms. RandomReadSpeed=1558.05MBs, RandomWriteSpeed=271.32MBs. Assigned SpeedClass 'Local'
[2023.02.13-02.32.02:826][  0]LogDerivedDataCache: Using Local data cache path E:\UE_Cache: Writable
[2023.02.13-02.32.02:826][  0]LogDerivedDataCache: Shared data cache path not found in *engine.ini, will not use an Shared cache.
[2023.02.13-02.32.02:826][  0]LogDerivedDataCache: Unable to find inner node Shared for hierarchical cache Hierarchy.
[2023.02.13-02.32.02:857][  0]LogSlate: Using FreeType 2.10.0
[2023.02.13-02.32.02:857][  0]LogSlate: SlateFontServices - WITH_FREETYPE: 1, WITH_HARFBUZZ: 1
[2023.02.13-02.32.02:876][  0]LogAssetRegistry: FAssetRegistry took 0.0021 seconds to start up
[2023.02.13-02.32.02:987][  0]LogCollisionProfile: Warning: Profile (Pawn) - Custom Channel Name = 'Grabbable' hasn't been found
[2023.02.13-02.32.02:987][  0]LogCollisionProfile: Warning: Profile (Spectator) - Custom Channel Name = 'Grabbable' hasn't been found
[2023.02.13-02.32.02:987][  0]LogCollisionProfile: Warning: Profile (CharacterMesh) - Custom Channel Name = 'Grabbable' hasn't been found
[2023.02.13-02.32.02:987][  0]LogCollisionProfile: Warning: Profile (InvisibleWall) - Custom Channel Name = 'Grabbable' hasn't been found
[2023.02.13-02.32.02:987][  0]LogCollisionProfile: Warning: Profile (InvisibleWallDynamic) - Custom Channel Name = 'Grabbable' hasn't been found
[2023.02.13-02.32.02:987][  0]LogCollisionProfile: Warning: Profile (Trigger) - Custom Channel Name = 'Grabbable' hasn't been found
[2023.02.13-02.32.02:987][  0]LogCollisionProfile: Warning: Profile (Ragdoll) - Custom Channel Name = 'Grabbable' hasn't been found
[2023.02.13-02.32.02:987][  0]LogCollisionProfile: Warning: Profile (UI) - Custom Channel Name = 'Grabbable' hasn't been found
[2023.02.13-02.32.02:987][  0]LogCollisionProfile: Warning: Profile (ALS_Character) - Custom Channel Name = 'Grabbable' hasn't been found
[2023.02.13-02.32.02:987][  0]LogCollisionProfile: Warning: Profile (ALS_Prop) - Custom Channel Name = 'Grabbable' hasn't been found
[2023.02.13-02.32.03:028][  0]LogInit: Selected Device Profile: [Windows]
[2023.02.13-02.32.03:028][  0]LogInit: Active device profile: [000001CE7CFCAC00][000001CE759AD640 49] Windows
[2023.02.13-02.32.03:028][  0]LogInit: Profiles: [000001CE7CFCAC00][000001CE759AD640 49] Windows, [000001CE7CF7D900][000001CE759B57C0 49] WindowsNoEditor, [000001CE7CFC9900][000001CE7BEED940 49] WindowsServer, [000001CE7CF7D000][000001CE7BEF1AC0 49] WindowsClient, [000001CE7CFCA900][000001CE7BEF40C0 49] IOS, [000001CE7CF7DA00][000001CE7BEF8240 49] iPadAir, [000001CE7CFC8400][000001CE7BEFC3C0 49] iPadAir2, [000001CE7DF17E00][000001CE759B0640 49] IPadPro, [000001CE7DF17F00][000001CE7BF00680 49] iPadAir3, [000001CE7CFC8E00][000001CE7BF047C0 49] iPadAir4, [000001CE7DF15B00][000001CE7BF08900 49] iPadMini2, [000001CE7CFCB500][000001CE7BF10A80 49] iPadMini3, [000001CE7DF16700][000001CE7BF14C00 49] iPadMini4, [000001CE7CFC9000][000001CE7BF18D80 49] iPadMini5, [000001CE7CF73700][000001CE7BF21040 49] iPhone6, [000001CE7CF73800][000001CE7BF1D080 49] iPodTouch6, [000001CE7DF14B00][000001CE7BF29340 49] iPhone7, [000001CE7DF14A00][000001CE7BF25380 49] iPodTouch7, [000001CE7CF71A00][000001CE7BF2D500 49] iPhone5S, [000001CE7DF17400][000001CE7BF31680 49] iPhone6Plus, [000001CE7CF72800][000001CE7BF35800 49] iPhone6S, [000001CE7DF14300][000001CE7BF39980 49] iPhone6SPlus, [000001CE7CF71C00][000001CE7BF3DB00 49] iPhone7Plus, [000001CE7DF14D00][000001CE7DF50100 49] iPhoneSE, [000001CE7CF72600][000001CE7DF54280 49] iPhone8, [000001CE7DF14100][000001CE7DFA8400 49] iPhone8Plus, [000001CE7CF71F00][000001CE7E00C580 49] iPhoneX, [000001CE7DF16F00][000001CE7E014700 49] iPhoneXS, [000001CE7CF72300][000001CE7BF0C840 49] iPhoneXSMax, [000001CE7DF16900][000001CE7A866980 49] iPhoneXR, [000001CE7CF72200][000001CE7A86AAC0 49] iPhone11, [000001CE7DF16C00][000001CE7A882C40 49] iPhone11Pro, [000001CE7CF70200][000001CE7A896DC0 49] iPhone11ProMax, [000001CE7DF17000][000001CE772CCF40 49] iPhoneSE2, [000001CE7CF70C00][000001CE772E90C0 49] iPhone12Mini, [000001CE7DF15900][000001CE772ED240 49] iPhone12, [000001CE7CF73900][000001CE772F13C0 49] iPhone12Pro, [000001CE7DF15F00][000001CE772F5540 49] iPhone12ProMax, [000001CE7CF73E00][000001CE772F96C0 49] iPadPro105, [000001CE7DF17300][000001CE772FD840 49] iPadPro129, [000001CE7CF71100][000001CE773059C0 49] iPadPro97, [000001CE7DF17C00][000001CE7730DB40 49] iPadPro2_129, [000001CE7CF73500][000001CE77310140 49] iPad5, [000001CE7DF14E00][000001CE773142C0 49] iPad6, [000001CE7CF73300][000001CE7A8C8440 49] iPad7, [000001CE7DF15E00][000001CE7A8CC5C0 49] iPad8, [000001CE7CF71D00][000001CE7A8D8740 49] iPadPro11, [000001CE7DF15000][000001CE7A8DC8C0 49] iPadPro2_11, [000001CE7CF73D00][000001CE75D78A00 49] iPadPro3_129, [000001CE7DF14500][000001CE7E2AEB40 49] iPadPro4_129, [000001CE7CF72500][000001CE7E2B2C80 49] AppleTV, [000001CE7DF14F00][000001CE7E2B6DC0 49] AppleTV4K, [000001CE7CF71900][000001CE7E32EF40 49] TVOS, [000001CE7DF15A00][000001CE7E3330C0 49] Mac, [000001CE7CF7E900][000001CE7E337240 49] MacClient, [000001CE7D008500][000001CE7E33B3C0 49] MacNoEditor, [000001CE7CF7C200][000001CE7E33F540 49] MacServer, [000001CE7D009B00][000001CE7E3436C0 49] Linux, [000001CE7CF7D700][000001CE7E347840 49] LinuxAArch64, [000001CE7D008C00][000001CE7E34B9C0 49] LinuxNoEditor, [000001CE7CF7E500][000001CE7EF63B40 49] LinuxAArch64NoEditor, [000001CE7D009000][000001CE7EF66140 49] LinuxClient, [000001CE7CF7EE00][000001CE7EF6A2C0 49] LinuxAArch64Client, [000001CE7D009200][000001CE7EF6E440 49] LinuxServer, [000001CE7CF7E000][000001CE7EF725C0 49] LinuxAArch64Server, [000001CE7D008400][000001CE7E1F4740 49] Android, [000001CE7CF7CE00][000001CE7A9188C0 49] Android_Low, [000001CE7D008F00][000001CE75C7EA40 49] Android_Mid, [000001CE7CF7C500][000001CE7E32AB80 49] Android_High, [000001CE7D009600][000001CE75C8CCC0 49] Android_Default, [000001CE7CF7E400][000001CE75C90E00 49] Android_Adreno4xx, [000001CE7D008700][000001CE75CC0F40 49] Android_Adreno5xx_Low, [000001CE7CF7DC00][000001CE75CD30C0 49] Android_Adreno5xx, [000001CE7DF14700][000001CE75CD7240 49] Android_Adreno6xx, [000001CE7CF7F900][000001CE75CDB3C0 49] Android_Adreno6xx_Vulkan, [000001CE7DF15600][000001CE75CDF540 49] Android_Mali_T6xx, [000001CE7CF7E300][000001CE75CE36C0 49] Android_Mali_T7xx, [000001CE7DF16600][000001CE75CE7840 49] Android_Mali_T8xx, [000001CE7CF7FE00][000001CE75CEB9C0 49] Android_Mali_G71, [000001CE7DF15200][000001CE75CEFB40 49] Android_Mali_G72, [000001CE7CF7D600][000001CE7E268140 49] Android_Mali_G72_Vulkan, [000001CE7DF16300][000001CE7E26C2C0 49] Android_Mali_G76, [000001CE7CF7C100][000001CE7EEFC440 49] Android_Mali_G76_Vulkan, [000001CE7DF16000][000001CE7EF005C0 49] Android_Mali_G77, [000001CE7CF7C800][000001CE7EF04740 49] Android_Mali_G77_Vulkan, [000001CE7DF15500][000001CE7EF088C0 49] Android_Mali_G78, [000001CE7CF7DD00][000001CE7EF0CA40 49] Android_Mali_G78_Vulkan, [000001CE7DF14900][000001CE7EF14BC0 49] Android_Mali_G710, [000001CE7CF7D400][000001CE7EF18D40 49] Android_Mali_G710_Vulkan, [000001CE7DF14600][000001CE75CCEE80 49] Android_Vulkan_SM5, [000001CE7CF7EF00][000001CE7A85CFC0 49] Android_PowerVR_G6xxx, [000001CE7DF14200][000001CE7A861100 49] Android_PowerVR_GT7xxx, [000001CE7CF7CD00][000001CE7EF21280 49] Android_PowerVR_GE8xxx, [000001CE7DF16A00][000001CE7EF25400 49] Android_PowerVR_GM9xxx, [000001CE7CF7D500][000001CE7EF29580 49] Android_PowerVR_GM9xxx_Vulkan, [000001CE7DF17A00][000001CE7EF2D700 49] Android_TegraK1, [000001CE7CF7D200][000001CE7EF31880 49] Android_Unknown_Vulkan, [000001CE7DF17700][000001CE7E317A00 49] Lumin, [000001CE7CF7C700][000001CE7E31BB80 49] Lumin_Desktop, [000001CE7CFCB700][000001CE7E31E180 49] HoloLens, 
[2023.02.13-02.32.03:116][  0]LogMeshReduction: Using QuadricMeshReduction for automatic static mesh reduction
[2023.02.13-02.32.03:116][  0]LogMeshReduction: Using SimplygonMeshReduction for automatic skeletal mesh reduction
[2023.02.13-02.32.03:116][  0]LogMeshReduction: Using ProxyLODMeshReduction for automatic mesh merging
[2023.02.13-02.32.03:116][  0]LogMeshReduction: No distributed automatic mesh merging module available
[2023.02.13-02.32.03:117][  0]LogMeshMerging: No distributed automatic mesh merging module available
[2023.02.13-02.32.03:128][  0]LogNetVersion: ALSBlueprints 1.0.0, NetCL: 17155196, EngineNetVer: 17, GameNetVer: 0 (Checksum: 10147425)
[2023.02.13-02.32.03:397][  0]LogTexture: Default maximum texture size for cubemaps generated from long-lat sources has been changed from 512 to unlimited. In order to preserve old behaiour for '/Engine/MapTemplates/Sky/DaylightAmbientCubemap.DaylightAmbientCubemap', its maximum texture size has been explicitly set to 512.
[2023.02.13-02.32.03:443][  0]LogHMD: PokeAHoleMaterial loaded successfully
[2023.02.13-02.32.03:447][  0]LogUObjectArray: 17178 objects as part of root set at end of initial load.
[2023.02.13-02.32.03:448][  0]LogUObjectAllocator: 4302048 out of 0 bytes used by permanent object pool.
[2023.02.13-02.32.03:448][  0]LogUObjectArray: CloseDisregardForGC: 0/0 objects in disregard for GC pool
[2023.02.13-02.32.03:624][  0]LogNiagaraDebuggerClient: Niagara Debugger Client Initialized | Session: 3A0B85BA439CA671D8A1728169DD03E9 | Instance: 549B7E474AD2235532F96987E95E4F6A (DESKTOP-7HU7IFU-20084).
[2023.02.13-02.32.03:722][  0]LogPython: Using Python 3.7.7
[2023.02.13-02.32.04:067][  0]LogTcpMessaging: Initializing TcpMessaging bridge
[2023.02.13-02.32.04:070][  0]LogUdpMessaging: Initializing bridge on interface 0.0.0.0:0 to multicast group 230.0.0.1:6666.
[2023.02.13-02.32.04:118][  0]LogLinker: Warning: Failed to load '/Game/ThirdPersonBP/ThirdPersonOverview': Can't find file.
[2023.02.13-02.32.04:118][  0]LogLinker: Warning: Failed to load '/Game/ThirdPersonBP/ThirdPersonOverview': Can't find file.
[2023.02.13-02.32.04:118][  0]LogUObjectGlobals: Warning: Failed to find object 'Class /Game/ThirdPersonBP/ThirdPersonOverview.ThirdPersonOverview_C'
[2023.02.13-02.32.04:180][  0]SourceControl: Source control is disabled
[2023.02.13-02.32.04:180][  0]SourceControl: Source control is disabled
[2023.02.13-02.32.04:183][  0]SourceControl: Source control is disabled
[2023.02.13-02.32.04:187][  0]SourceControl: Source control is disabled
[2023.02.13-02.32.04:192][  0]SourceControl: Source control is disabled
[2023.02.13-02.32.04:212][  0]LogUProjectInfo: Found projects:
[2023.02.13-02.32.04:366][  0]LogOpenImageDenoise: OIDN starting up
[2023.02.13-02.32.04:375][  0]LogAndroidPermission: UAndroidPermissionCallbackProxy::GetInstance
[2023.02.13-02.32.04:391][  0]LogAudioCaptureCore: Display: No Audio Capture implementations found. Audio input will be silent.
[2023.02.13-02.32.04:391][  0]LogAudioCaptureCore: Display: No Audio Capture implementations found. Audio input will be silent.
[2023.02.13-02.32.04:478][  0]LogCollectionManager: Loaded 0 collections in 0.001487 seconds
[2023.02.13-02.32.04:496][  0]LogFileCache: Scanning file cache for directory 'E:/GibhubUpload/ALS/Saved/Collections/' took 0.00s
[2023.02.13-02.32.04:496][  0]LogFileCache: Scanning file cache for directory 'E:/GibhubUpload/ALS/Content/Developers/杨先森sMiniComputer/Collections/' took 0.00s
[2023.02.13-02.32.04:496][  0]LogFileCache: Scanning file cache for directory 'E:/GibhubUpload/ALS/Content/Collections/' took 0.00s
[2023.02.13-02.32.04:496][  0]LogOcInput: OculusInput pre-init called
[2023.02.13-02.32.04:683][  0]LogEngine: Initializing Engine...
[2023.02.13-02.32.04:685][  0]LogHMD: Failed to enumerate extensions. Please check that you have a valid OpenXR runtime installed.
[2023.02.13-02.32.04:685][  0]LogHMD: Failed to initialize OpenVR with code 110
[2023.02.13-02.32.04:685][  0]LogMagicLeap: Warning: VR disabled because ZI is not enabled.  To enable, in the editor, Edit -> Project Settings -> Plugins -> Magic Leap Plugin -> Enable Zero Iteration
[2023.02.13-02.32.04:685][  0]LogStats: UGameplayTagsManager::InitializeManager -  0.000 s
[2023.02.13-02.32.04:782][  0]LogInit: Initializing FReadOnlyCVARCache
[2023.02.13-02.32.04:788][  0]LogAIModule: Creating AISystem for world Untitled
[2023.02.13-02.32.04:788][  0]LogAudio: Display: Initializing Audio Device Manager...
[2023.02.13-02.32.04:791][  0]LogAudio: Display: Loading Default Audio Settings Objects...
[2023.02.13-02.32.04:791][  0]LogAudio: Display: No default SoundConcurrencyObject specified (or failed to load).
[2023.02.13-02.32.04:791][  0]LogAudio: Display: Audio Device Manager Initialized
[2023.02.13-02.32.04:791][  0]LogAudio: Display: Creating Audio Device:                 Id: 1, Scope: Shared, Realtime: True
[2023.02.13-02.32.04:791][  0]LogAudioMixer: Display: Audio Mixer Platform Settings:
[2023.02.13-02.32.04:791][  0]LogAudioMixer: Display: 	Sample Rate:						  48000
[2023.02.13-02.32.04:791][  0]LogAudioMixer: Display: 	Callback Buffer Frame Size Requested: 1024
[2023.02.13-02.32.04:791][  0]LogAudioMixer: Display: 	Callback Buffer Frame Size To Use:	  1024
[2023.02.13-02.32.04:791][  0]LogAudioMixer: Display: 	Number of buffers to queue:			  2
[2023.02.13-02.32.04:791][  0]LogAudioMixer: Display: 	Max Channels (voices):				  32
[2023.02.13-02.32.04:791][  0]LogAudioMixer: Display: 	Number of Async Source Workers:		  0
[2023.02.13-02.32.04:791][  0]LogAudio: Display: AudioDevice MaxSources: 32
[2023.02.13-02.32.04:791][  0]LogAudio: Display: Audio Spatialization Plugin: None (built-in).
[2023.02.13-02.32.04:791][  0]LogAudio: Display: Audio Reverb Plugin: None (built-in).
[2023.02.13-02.32.04:791][  0]LogAudio: Display: Audio Occlusion Plugin: None (built-in).
[2023.02.13-02.32.04:791][  0]LogAudioMixer: Display: Initializing audio mixer.
[2023.02.13-02.32.04:805][  0]LogAudioMixer: Display: 0: FrontLeft
[2023.02.13-02.32.04:805][  0]LogAudioMixer: Display: 1: FrontRight
[2023.02.13-02.32.04:828][  0]LogAudioMixer: Display: Using Audio Device 扬声器 (Realtek High Definition Audio)
[2023.02.13-02.32.04:833][  0]LogAudioMixer: Display: Initializing Sound Submixes...
[2023.02.13-02.32.04:835][  0]LogAudioMixer: Display: Creating Master Submix 'MasterSubmixDefault'
[2023.02.13-02.32.04:835][  0]LogAudioMixer: Display: Creating Master Submix 'MasterReverbSubmixDefault'
[2023.02.13-02.32.04:836][  0]LogAudioMixer: Display: Creating Master Submix 'MasterEQSubmixDefault'
[2023.02.13-02.32.04:836][  0]LogAudioMixer: FMixerPlatformXAudio2::StartAudioStream() called
[2023.02.13-02.32.04:836][  0]LogAudioMixer: Display: Output buffers initialized: Frames=1024, Channels=2, Samples=2048
[2023.02.13-02.32.04:836][  0]LogAudioMixer: Display: Starting AudioMixerPlatformInterface::RunInternal()
[2023.02.13-02.32.04:836][  0]LogAudioMixer: Display: FMixerPlatformXAudio2::SubmitBuffer() called for the first time
[2023.02.13-02.32.04:837][  0]LogInit: FAudioDevice initialized.
[2023.02.13-02.32.04:837][  0]LogAudio: Display: Audio Device (ID: 1) registered with world 'Untitled'.
[2023.02.13-02.32.04:837][  0]LogNetVersion: Set ProjectVersion to 1.0.0.0. Version Checksum will be recalculated on next use.
[2023.02.13-02.32.04:880][  0]LogDerivedDataCache: Saved boot cache 0.04s 94MB C:/Users/yss/AppData/Local/UnrealEngine/4.27/DerivedDataCache/Boot.ddc.
[2023.02.13-02.32.04:881][  0]LogInit: Texture streaming: Enabled
[2023.02.13-02.32.04:890][  0]LogAnalytics: Display: [UEEditor.Rocket.Release] APIServer = https://datarouter.ol.epicgames.com/. AppVersion = 4.27.2-18319896+++UE4+Release-4.27
[2023.02.13-02.32.04:893][  0]LogEngineSessionManager: EngineSessionManager initialized
[2023.02.13-02.32.04:893][  0]LogEditorSessionSummary: Verbose: Initializing EditorSessionSummaryWriter for editor session tracking
[2023.02.13-02.32.04:894][  0]LogEditorSessionSummary: EditorSessionSummaryWriter initialized
[2023.02.13-02.32.04:913][  0]LogInit: Transaction tracking system initialized
[2023.02.13-02.32.04:928][  0]BlueprintLog: New page: Editor Load
[2023.02.13-02.32.04:970][  0]LocalizationService: Localization service is disabled
[2023.02.13-02.32.04:987][  0]TimingProfiler: Initialize
[2023.02.13-02.32.04:987][  0]TimingProfiler: OnSessionChanged
[2023.02.13-02.32.04:987][  0]LoadingProfiler: Initialize
[2023.02.13-02.32.04:987][  0]LoadingProfiler: OnSessionChanged
[2023.02.13-02.32.04:987][  0]NetworkingProfiler: Initialize
[2023.02.13-02.32.04:987][  0]NetworkingProfiler: OnSessionChanged
[2023.02.13-02.32.04:987][  0]MemoryProfiler: Initialize
[2023.02.13-02.32.04:987][  0]MemoryProfiler: OnSessionChanged
[2023.02.13-02.32.05:086][  0]LogCook: Display: CookSettings for Memory: MemoryMaxUsedVirtual 0MiB, MemoryMaxUsedPhysical 16384MiB, MemoryMinFreeVirtual 0MiB, MemoryMinFreePhysical 1024MiB
[2023.02.13-02.32.05:086][  0]LogCook: Display: Mobile HDR setting 1
[2023.02.13-02.32.05:121][  0]LogFileCache: Scanning file cache for directory 'E:/GibhubUpload/ALS/Content/' took 0.00s
[2023.02.13-02.32.05:388][  0]LogInit: Display: Engine is initialized. Leaving FEngineLoop::Init()
[2023.02.13-02.32.05:390][  0]SourceControl: Source control is disabled
[2023.02.13-02.32.05:390][  0]LogUnrealEdMisc: Loading editor; pre map load, took 4.959
[2023.02.13-02.32.05:390][  0]Cmd: MAP LOAD FILE="E:/GibhubUpload/ALS/Content/Maps/Main.umap" TEMPLATE=0 SHOWPROGRESS=1 FEATURELEVEL=3
[2023.02.13-02.32.05:390][  0]LightingResults: New page: Lighting Build
[2023.02.13-02.32.05:391][  0]LogWorld: UWorld::CleanupWorld for Untitled, bSessionEnded=true, bCleanupResources=true
[2023.02.13-02.32.05:391][  0]LogSlate: InvalidateAllWidgets triggered.  All widgets were invalidated
[2023.02.13-02.32.05:391][  0]MapCheck: New page: Map Check
[2023.02.13-02.32.05:391][  0]LightingResults: New page: Lighting Build
[2023.02.13-02.32.05:398][  0]LogAudio: Display: Audio Device unregistered from world 'None'.
[2023.02.13-02.32.05:400][  0]LogUObjectHash: Compacting FUObjectHashTables data took   0.52ms
[2023.02.13-02.32.05:460][  0]LogAudio: Display: Audio Device (ID: 1) registered with world 'Main'.
[2023.02.13-02.32.05:460][  0]LogAIModule: Creating AISystem for world Main
[2023.02.13-02.32.05:466][  0]LogEditorServer: Finished looking for orphan Actors (0.000 secs)
[2023.02.13-02.32.05:476][  0]LogUObjectHash: Compacting FUObjectHashTables data took   0.72ms
[2023.02.13-02.32.05:476][  0]Cmd: MAP CHECKDEP NOCLEARLOG
[2023.02.13-02.32.05:476][  0]MapCheck: Map check complete: 0 Error(s), 0 Warning(s), took 0.077ms to complete.
[2023.02.13-02.32.05:476][  0]LogFileHelpers: Loading map 'Main' took 0.086
[2023.02.13-02.32.05:478][  0]LogUnrealEdMisc: Total Editor Startup Time, took 5.047
[2023.02.13-02.32.05:581][  0]LogSlate: Updating window title bar state: overlay mode, drag disabled, window buttons hidden, title bar hidden
[2023.02.13-02.32.05:585][  0]LogSlate: Updating window title bar state: overlay mode, drag disabled, window buttons hidden, title bar hidden
[2023.02.13-02.32.05:588][  0]LogSlate: Updating window title bar state: overlay mode, drag disabled, window buttons hidden, title bar hidden
[2023.02.13-02.32.05:592][  0]LogSlate: Updating window title bar state: overlay mode, drag disabled, window buttons hidden, title bar hidden
[2023.02.13-02.32.05:602][  0]LogNativeClassHierarchy: Verbose: Native class hierarchy populated in 0.0068 seconds. Added 3822 classes and 928 folders.
[2023.02.13-02.32.05:604][  0]LogNativeClassHierarchy: Verbose: Native class hierarchy updated for 'WidgetCarousel' in 0.0002 seconds. Added 0 classes and 0 folders.
[2023.02.13-02.32.05:605][  0]LogPakFile: PakFile PrimaryIndexSize=187
[2023.02.13-02.32.05:605][  0]LogPakFile: PakFile PathHashIndexSize=101
[2023.02.13-02.32.05:605][  0]LogPakFile: PakFile FullDirectoryIndexSize=148
[2023.02.13-02.32.05:605][  0]LogShaderLibrary: Display: ShaderCodeLibraryPakFileMountedCallback: PakFile 'C:/Program Files/Epic Games/UE_4.27/FeaturePacks/FP_FirstPerson.upack' (chunk index -1, root 'root:/') mounted
[2023.02.13-02.32.05:605][  0]LogShaderLibrary: Display: ShaderCodeLibraryPakFileMountedCallback: pending pak file info (ChunkID:-1 Root:root:/ File:C:/Program Files/Epic Games/UE_4.27/FeaturePacks/FP_FirstPerson.upack)
[2023.02.13-02.32.05:605][  0]LogPakFile: OnPakFileMounted2Time == 0.000041
[2023.02.13-02.32.05:605][  0]LogPakFile: PakFile PrimaryIndexSize=189
[2023.02.13-02.32.05:605][  0]LogPakFile: PakFile PathHashIndexSize=101
[2023.02.13-02.32.05:605][  0]LogPakFile: PakFile FullDirectoryIndexSize=152
[2023.02.13-02.32.05:605][  0]LogShaderLibrary: Display: ShaderCodeLibraryPakFileMountedCallback: PakFile 'C:/Program Files/Epic Games/UE_4.27/FeaturePacks/FP_FirstPersonBP.upack' (chunk index -1, root 'root:/') mounted
[2023.02.13-02.32.05:605][  0]LogShaderLibrary: Display: ShaderCodeLibraryPakFileMountedCallback: pending pak file info (ChunkID:-1 Root:root:/ File:C:/Program Files/Epic Games/UE_4.27/FeaturePacks/FP_FirstPersonBP.upack)
[2023.02.13-02.32.05:605][  0]LogPakFile: OnPakFileMounted2Time == 0.000030
[2023.02.13-02.32.05:606][  0]LogPakFile: PakFile PrimaryIndexSize=191
[2023.02.13-02.32.05:606][  0]LogPakFile: PakFile PathHashIndexSize=101
[2023.02.13-02.32.05:606][  0]LogPakFile: PakFile FullDirectoryIndexSize=160
[2023.02.13-02.32.05:606][  0]LogShaderLibrary: Display: ShaderCodeLibraryPakFileMountedCallback: PakFile 'C:/Program Files/Epic Games/UE_4.27/FeaturePacks/MobileStarterContent.upack' (chunk index -1, root 'root:/') mounted
[2023.02.13-02.32.05:606][  0]LogShaderLibrary: Display: ShaderCodeLibraryPakFileMountedCallback: pending pak file info (ChunkID:-1 Root:root:/ File:C:/Program Files/Epic Games/UE_4.27/FeaturePacks/MobileStarterContent.upack)
[2023.02.13-02.32.05:606][  0]LogPakFile: OnPakFileMounted2Time == 0.000024
[2023.02.13-02.32.05:606][  0]LogPakFile: PakFile PrimaryIndexSize=185
[2023.02.13-02.32.05:606][  0]LogPakFile: PakFile PathHashIndexSize=101
[2023.02.13-02.32.05:606][  0]LogPakFile: PakFile FullDirectoryIndexSize=148
[2023.02.13-02.32.05:606][  0]LogShaderLibrary: Display: ShaderCodeLibraryPakFileMountedCallback: PakFile 'C:/Program Files/Epic Games/UE_4.27/FeaturePacks/StarterContent.upack' (chunk index -1, root 'root:/') mounted
[2023.02.13-02.32.05:606][  0]LogShaderLibrary: Display: ShaderCodeLibraryPakFileMountedCallback: pending pak file info (ChunkID:-1 Root:root:/ File:C:/Program Files/Epic Games/UE_4.27/FeaturePacks/StarterContent.upack)
[2023.02.13-02.32.05:606][  0]LogPakFile: OnPakFileMounted2Time == 0.000024
[2023.02.13-02.32.05:606][  0]LogPakFile: PakFile PrimaryIndexSize=190
[2023.02.13-02.32.05:606][  0]LogPakFile: PakFile PathHashIndexSize=101
[2023.02.13-02.32.05:606][  0]LogPakFile: PakFile FullDirectoryIndexSize=154
[2023.02.13-02.32.05:606][  0]LogShaderLibrary: Display: ShaderCodeLibraryPakFileMountedCallback: PakFile 'C:/Program Files/Epic Games/UE_4.27/FeaturePacks/TP_2DSideScroller.upack' (chunk index -1, root 'root:/') mounted
[2023.02.13-02.32.05:606][  0]LogShaderLibrary: Display: ShaderCodeLibraryPakFileMountedCallback: pending pak file info (ChunkID:-1 Root:root:/ File:C:/Program Files/Epic Games/UE_4.27/FeaturePacks/TP_2DSideScroller.upack)
[2023.02.13-02.32.05:606][  0]LogPakFile: OnPakFileMounted2Time == 0.000023
[2023.02.13-02.32.05:607][  0]LogPakFile: PakFile PrimaryIndexSize=192
[2023.02.13-02.32.05:607][  0]LogPakFile: PakFile PathHashIndexSize=101
[2023.02.13-02.32.05:607][  0]LogPakFile: PakFile FullDirectoryIndexSize=158
[2023.02.13-02.32.05:607][  0]LogShaderLibrary: Display: ShaderCodeLibraryPakFileMountedCallback: PakFile 'C:/Program Files/Epic Games/UE_4.27/FeaturePacks/TP_2DSideScrollerBP.upack' (chunk index -1, root 'root:/') mounted
[2023.02.13-02.32.05:607][  0]LogShaderLibrary: Display: ShaderCodeLibraryPakFileMountedCallback: pending pak file info (ChunkID:-1 Root:root:/ File:C:/Program Files/Epic Games/UE_4.27/FeaturePacks/TP_2DSideScrollerBP.upack)
[2023.02.13-02.32.05:607][  0]LogPakFile: OnPakFileMounted2Time == 0.000022
[2023.02.13-02.32.05:607][  0]LogPakFile: PakFile PrimaryIndexSize=182
[2023.02.13-02.32.05:607][  0]LogPakFile: PakFile PathHashIndexSize=101
[2023.02.13-02.32.05:607][  0]LogPakFile: PakFile FullDirectoryIndexSize=138
[2023.02.13-02.32.05:607][  0]LogShaderLibrary: Display: ShaderCodeLibraryPakFileMountedCallback: PakFile 'C:/Program Files/Epic Games/UE_4.27/FeaturePacks/TP_Flying.upack' (chunk index -1, root 'root:/') mounted
[2023.02.13-02.32.05:607][  0]LogShaderLibrary: Display: ShaderCodeLibraryPakFileMountedCallback: pending pak file info (ChunkID:-1 Root:root:/ File:C:/Program Files/Epic Games/UE_4.27/FeaturePacks/TP_Flying.upack)
[2023.02.13-02.32.05:607][  0]LogPakFile: OnPakFileMounted2Time == 0.000023
[2023.02.13-02.32.05:607][  0]LogPakFile: PakFile PrimaryIndexSize=184
[2023.02.13-02.32.05:607][  0]LogPakFile: PakFile PathHashIndexSize=101
[2023.02.13-02.32.05:607][  0]LogPakFile: PakFile FullDirectoryIndexSize=142
[2023.02.13-02.32.05:607][  0]LogShaderLibrary: Display: ShaderCodeLibraryPakFileMountedCallback: PakFile 'C:/Program Files/Epic Games/UE_4.27/FeaturePacks/TP_FlyingBP.upack' (chunk index -1, root 'root:/') mounted
[2023.02.13-02.32.05:607][  0]LogShaderLibrary: Display: ShaderCodeLibraryPakFileMountedCallback: pending pak file info (ChunkID:-1 Root:root:/ File:C:/Program Files/Epic Games/UE_4.27/FeaturePacks/TP_FlyingBP.upack)
[2023.02.13-02.32.05:607][  0]LogPakFile: OnPakFileMounted2Time == 0.000026
[2023.02.13-02.32.05:608][  0]LogPakFile: PakFile PrimaryIndexSize=188
[2023.02.13-02.32.05:608][  0]LogPakFile: PakFile PathHashIndexSize=101
[2023.02.13-02.32.05:608][  0]LogPakFile: PakFile FullDirectoryIndexSize=150
[2023.02.13-02.32.05:608][  0]LogShaderLibrary: Display: ShaderCodeLibraryPakFileMountedCallback: PakFile 'C:/Program Files/Epic Games/UE_4.27/FeaturePacks/TP_HandheldARBP.upack' (chunk index -1, root 'root:/') mounted
[2023.02.13-02.32.05:608][  0]LogShaderLibrary: Display: ShaderCodeLibraryPakFileMountedCallback: pending pak file info (ChunkID:-1 Root:root:/ File:C:/Program Files/Epic Games/UE_4.27/FeaturePacks/TP_HandheldARBP.upack)
[2023.02.13-02.32.05:608][  0]LogPakFile: OnPakFileMounted2Time == 0.000023
[2023.02.13-02.32.05:608][  0]LogPakFile: PakFile PrimaryIndexSize=182
[2023.02.13-02.32.05:608][  0]LogPakFile: PakFile PathHashIndexSize=101
[2023.02.13-02.32.05:608][  0]LogPakFile: PakFile FullDirectoryIndexSize=138
[2023.02.13-02.32.05:608][  0]LogShaderLibrary: Display: ShaderCodeLibraryPakFileMountedCallback: PakFile 'C:/Program Files/Epic Games/UE_4.27/FeaturePacks/TP_Puzzle.upack' (chunk index -1, root 'root:/') mounted
[2023.02.13-02.32.05:608][  0]LogShaderLibrary: Display: ShaderCodeLibraryPakFileMountedCallback: pending pak file info (ChunkID:-1 Root:root:/ File:C:/Program Files/Epic Games/UE_4.27/FeaturePacks/TP_Puzzle.upack)
[2023.02.13-02.32.05:608][  0]LogPakFile: OnPakFileMounted2Time == 0.000023
[2023.02.13-02.32.05:608][  0]LogPakFile: PakFile PrimaryIndexSize=184
[2023.02.13-02.32.05:608][  0]LogPakFile: PakFile PathHashIndexSize=101
[2023.02.13-02.32.05:608][  0]LogPakFile: PakFile FullDirectoryIndexSize=142
[2023.02.13-02.32.05:608][  0]LogShaderLibrary: Display: ShaderCodeLibraryPakFileMountedCallback: PakFile 'C:/Program Files/Epic Games/UE_4.27/FeaturePacks/TP_PuzzleBP.upack' (chunk index -1, root 'root:/') mounted
[2023.02.13-02.32.05:608][  0]LogShaderLibrary: Display: ShaderCodeLibraryPakFileMountedCallback: pending pak file info (ChunkID:-1 Root:root:/ File:C:/Program Files/Epic Games/UE_4.27/FeaturePacks/TP_PuzzleBP.upack)
[2023.02.13-02.32.05:608][  0]LogPakFile: OnPakFileMounted2Time == 0.000036
[2023.02.13-02.32.05:609][  0]LogPakFile: PakFile PrimaryIndexSize=183
[2023.02.13-02.32.05:609][  0]LogPakFile: PakFile PathHashIndexSize=101
[2023.02.13-02.32.05:609][  0]LogPakFile: PakFile FullDirectoryIndexSize=140
[2023.02.13-02.32.05:609][  0]LogShaderLibrary: Display: ShaderCodeLibraryPakFileMountedCallback: PakFile 'C:/Program Files/Epic Games/UE_4.27/FeaturePacks/TP_Rolling.upack' (chunk index -1, root 'root:/') mounted
[2023.02.13-02.32.05:609][  0]LogShaderLibrary: Display: ShaderCodeLibraryPakFileMountedCallback: pending pak file info (ChunkID:-1 Root:root:/ File:C:/Program Files/Epic Games/UE_4.27/FeaturePacks/TP_Rolling.upack)
[2023.02.13-02.32.05:609][  0]LogPakFile: OnPakFileMounted2Time == 0.000023
[2023.02.13-02.32.05:609][  0]LogPakFile: PakFile PrimaryIndexSize=185
[2023.02.13-02.32.05:609][  0]LogPakFile: PakFile PathHashIndexSize=101
[2023.02.13-02.32.05:609][  0]LogPakFile: PakFile FullDirectoryIndexSize=144
[2023.02.13-02.32.05:609][  0]LogShaderLibrary: Display: ShaderCodeLibraryPakFileMountedCallback: PakFile 'C:/Program Files/Epic Games/UE_4.27/FeaturePacks/TP_RollingBP.upack' (chunk index -1, root 'root:/') mounted
[2023.02.13-02.32.05:609][  0]LogShaderLibrary: Display: ShaderCodeLibraryPakFileMountedCallback: pending pak file info (ChunkID:-1 Root:root:/ File:C:/Program Files/Epic Games/UE_4.27/FeaturePacks/TP_RollingBP.upack)
[2023.02.13-02.32.05:609][  0]LogPakFile: OnPakFileMounted2Time == 0.000023
[2023.02.13-02.32.05:609][  0]LogPakFile: PakFile PrimaryIndexSize=188
[2023.02.13-02.32.05:609][  0]LogPakFile: PakFile PathHashIndexSize=101
[2023.02.13-02.32.05:609][  0]LogPakFile: PakFile FullDirectoryIndexSize=150
[2023.02.13-02.32.05:609][  0]LogShaderLibrary: Display: ShaderCodeLibraryPakFileMountedCallback: PakFile 'C:/Program Files/Epic Games/UE_4.27/FeaturePacks/TP_SideScroller.upack' (chunk index -1, root 'root:/') mounted
[2023.02.13-02.32.05:609][  0]LogShaderLibrary: Display: ShaderCodeLibraryPakFileMountedCallback: pending pak file info (ChunkID:-1 Root:root:/ File:C:/Program Files/Epic Games/UE_4.27/FeaturePacks/TP_SideScroller.upack)
[2023.02.13-02.32.05:609][  0]LogPakFile: OnPakFileMounted2Time == 0.000036
[2023.02.13-02.32.05:610][  0]LogPakFile: PakFile PrimaryIndexSize=190
[2023.02.13-02.32.05:610][  0]LogPakFile: PakFile PathHashIndexSize=101
[2023.02.13-02.32.05:610][  0]LogPakFile: PakFile FullDirectoryIndexSize=154
[2023.02.13-02.32.05:610][  0]LogShaderLibrary: Display: ShaderCodeLibraryPakFileMountedCallback: PakFile 'C:/Program Files/Epic Games/UE_4.27/FeaturePacks/TP_SideScrollerBP.upack' (chunk index -1, root 'root:/') mounted
[2023.02.13-02.32.05:610][  0]LogShaderLibrary: Display: ShaderCodeLibraryPakFileMountedCallback: pending pak file info (ChunkID:-1 Root:root:/ File:C:/Program Files/Epic Games/UE_4.27/FeaturePacks/TP_SideScrollerBP.upack)
[2023.02.13-02.32.05:610][  0]LogPakFile: OnPakFileMounted2Time == 0.000021
[2023.02.13-02.32.05:610][  0]LogPakFile: PakFile PrimaryIndexSize=187
[2023.02.13-02.32.05:610][  0]LogPakFile: PakFile PathHashIndexSize=101
[2023.02.13-02.32.05:610][  0]LogPakFile: PakFile FullDirectoryIndexSize=148
[2023.02.13-02.32.05:610][  0]LogShaderLibrary: Display: ShaderCodeLibraryPakFileMountedCallback: PakFile 'C:/Program Files/Epic Games/UE_4.27/FeaturePacks/TP_ThirdPerson.upack' (chunk index -1, root 'root:/') mounted
[2023.02.13-02.32.05:610][  0]LogShaderLibrary: Display: ShaderCodeLibraryPakFileMountedCallback: pending pak file info (ChunkID:-1 Root:root:/ File:C:/Program Files/Epic Games/UE_4.27/FeaturePacks/TP_ThirdPerson.upack)
[2023.02.13-02.32.05:610][  0]LogPakFile: OnPakFileMounted2Time == 0.000023
[2023.02.13-02.32.05:610][  0]LogPakFile: PakFile PrimaryIndexSize=189
[2023.02.13-02.32.05:610][  0]LogPakFile: PakFile PathHashIndexSize=101
[2023.02.13-02.32.05:610][  0]LogPakFile: PakFile FullDirectoryIndexSize=152
[2023.02.13-02.32.05:610][  0]LogShaderLibrary: Display: ShaderCodeLibraryPakFileMountedCallback: PakFile 'C:/Program Files/Epic Games/UE_4.27/FeaturePacks/TP_ThirdPersonBP.upack' (chunk index -1, root 'root:/') mounted
[2023.02.13-02.32.05:610][  0]LogShaderLibrary: Display: ShaderCodeLibraryPakFileMountedCallback: pending pak file info (ChunkID:-1 Root:root:/ File:C:/Program Files/Epic Games/UE_4.27/FeaturePacks/TP_ThirdPersonBP.upack)
[2023.02.13-02.32.05:610][  0]LogPakFile: OnPakFileMounted2Time == 0.000021
[2023.02.13-02.32.05:611][  0]LogPakFile: PakFile PrimaryIndexSize=183
[2023.02.13-02.32.05:611][  0]LogPakFile: PakFile PathHashIndexSize=101
[2023.02.13-02.32.05:611][  0]LogPakFile: PakFile FullDirectoryIndexSize=140
[2023.02.13-02.32.05:611][  0]LogShaderLibrary: Display: ShaderCodeLibraryPakFileMountedCallback: PakFile 'C:/Program Files/Epic Games/UE_4.27/FeaturePacks/TP_TopDown.upack' (chunk index -1, root 'root:/') mounted
[2023.02.13-02.32.05:611][  0]LogShaderLibrary: Display: ShaderCodeLibraryPakFileMountedCallback: pending pak file info (ChunkID:-1 Root:root:/ File:C:/Program Files/Epic Games/UE_4.27/FeaturePacks/TP_TopDown.upack)
[2023.02.13-02.32.05:611][  0]LogPakFile: OnPakFileMounted2Time == 0.000028
[2023.02.13-02.32.05:611][  0]LogPakFile: PakFile PrimaryIndexSize=185
[2023.02.13-02.32.05:611][  0]LogPakFile: PakFile PathHashIndexSize=101
[2023.02.13-02.32.05:611][  0]LogPakFile: PakFile FullDirectoryIndexSize=144
[2023.02.13-02.32.05:611][  0]LogShaderLibrary: Display: ShaderCodeLibraryPakFileMountedCallback: PakFile 'C:/Program Files/Epic Games/UE_4.27/FeaturePacks/TP_TopDownBP.upack' (chunk index -1, root 'root:/') mounted
[2023.02.13-02.32.05:611][  0]LogShaderLibrary: Display: ShaderCodeLibraryPakFileMountedCallback: pending pak file info (ChunkID:-1 Root:root:/ File:C:/Program Files/Epic Games/UE_4.27/FeaturePacks/TP_TopDownBP.upack)
[2023.02.13-02.32.05:611][  0]LogPakFile: OnPakFileMounted2Time == 0.000023
[2023.02.13-02.32.05:611][  0]LogPakFile: PakFile PrimaryIndexSize=185
[2023.02.13-02.32.05:611][  0]LogPakFile: PakFile PathHashIndexSize=101
[2023.02.13-02.32.05:611][  0]LogPakFile: PakFile FullDirectoryIndexSize=144
[2023.02.13-02.32.05:611][  0]LogShaderLibrary: Display: ShaderCodeLibraryPakFileMountedCallback: PakFile 'C:/Program Files/Epic Games/UE_4.27/FeaturePacks/TP_TwinStick.upack' (chunk index -1, root 'root:/') mounted
[2023.02.13-02.32.05:611][  0]LogShaderLibrary: Display: ShaderCodeLibraryPakFileMountedCallback: pending pak file info (ChunkID:-1 Root:root:/ File:C:/Program Files/Epic Games/UE_4.27/FeaturePacks/TP_TwinStick.upack)
[2023.02.13-02.32.05:611][  0]LogPakFile: OnPakFileMounted2Time == 0.000021
[2023.02.13-02.32.05:612][  0]LogPakFile: PakFile PrimaryIndexSize=187
[2023.02.13-02.32.05:612][  0]LogPakFile: PakFile PathHashIndexSize=101
[2023.02.13-02.32.05:612][  0]LogPakFile: PakFile FullDirectoryIndexSize=148
[2023.02.13-02.32.05:612][  0]LogShaderLibrary: Display: ShaderCodeLibraryPakFileMountedCallback: PakFile 'C:/Program Files/Epic Games/UE_4.27/FeaturePacks/TP_TwinStickBP.upack' (chunk index -1, root 'root:/') mounted
[2023.02.13-02.32.05:612][  0]LogShaderLibrary: Display: ShaderCodeLibraryPakFileMountedCallback: pending pak file info (ChunkID:-1 Root:root:/ File:C:/Program Files/Epic Games/UE_4.27/FeaturePacks/TP_TwinStickBP.upack)
[2023.02.13-02.32.05:612][  0]LogPakFile: OnPakFileMounted2Time == 0.000022
[2023.02.13-02.32.05:612][  0]LogPakFile: PakFile PrimaryIndexSize=183
[2023.02.13-02.32.05:612][  0]LogPakFile: PakFile PathHashIndexSize=101
[2023.02.13-02.32.05:612][  0]LogPakFile: PakFile FullDirectoryIndexSize=140
[2023.02.13-02.32.05:612][  0]LogShaderLibrary: Display: ShaderCodeLibraryPakFileMountedCallback: PakFile 'C:/Program Files/Epic Games/UE_4.27/FeaturePacks/TP_Vehicle.upack' (chunk index -1, root 'root:/') mounted
[2023.02.13-02.32.05:612][  0]LogShaderLibrary: Display: ShaderCodeLibraryPakFileMountedCallback: pending pak file info (ChunkID:-1 Root:root:/ File:C:/Program Files/Epic Games/UE_4.27/FeaturePacks/TP_Vehicle.upack)
[2023.02.13-02.32.05:612][  0]LogPakFile: OnPakFileMounted2Time == 0.000022
[2023.02.13-02.32.05:612][  0]LogPakFile: PakFile PrimaryIndexSize=186
[2023.02.13-02.32.05:612][  0]LogPakFile: PakFile PathHashIndexSize=101
[2023.02.13-02.32.05:612][  0]LogPakFile: PakFile FullDirectoryIndexSize=146
[2023.02.13-02.32.05:612][  0]LogShaderLibrary: Display: ShaderCodeLibraryPakFileMountedCallback: PakFile 'C:/Program Files/Epic Games/UE_4.27/FeaturePacks/TP_VehicleAdv.upack' (chunk index -1, root 'root:/') mounted
[2023.02.13-02.32.05:612][  0]LogShaderLibrary: Display: ShaderCodeLibraryPakFileMountedCallback: pending pak file info (ChunkID:-1 Root:root:/ File:C:/Program Files/Epic Games/UE_4.27/FeaturePacks/TP_VehicleAdv.upack)
[2023.02.13-02.32.05:612][  0]LogPakFile: OnPakFileMounted2Time == 0.000022
[2023.02.13-02.32.05:613][  0]LogPakFile: PakFile PrimaryIndexSize=188
[2023.02.13-02.32.05:613][  0]LogPakFile: PakFile PathHashIndexSize=101
[2023.02.13-02.32.05:613][  0]LogPakFile: PakFile FullDirectoryIndexSize=150
[2023.02.13-02.32.05:613][  0]LogShaderLibrary: Display: ShaderCodeLibraryPakFileMountedCallback: PakFile 'C:/Program Files/Epic Games/UE_4.27/FeaturePacks/TP_VehicleAdvBP.upack' (chunk index -1, root 'root:/') mounted
[2023.02.13-02.32.05:613][  0]LogShaderLibrary: Display: ShaderCodeLibraryPakFileMountedCallback: pending pak file info (ChunkID:-1 Root:root:/ File:C:/Program Files/Epic Games/UE_4.27/FeaturePacks/TP_VehicleAdvBP.upack)
[2023.02.13-02.32.05:613][  0]LogPakFile: OnPakFileMounted2Time == 0.000022
[2023.02.13-02.32.05:613][  0]LogPakFile: PakFile PrimaryIndexSize=185
[2023.02.13-02.32.05:613][  0]LogPakFile: PakFile PathHashIndexSize=101
[2023.02.13-02.32.05:613][  0]LogPakFile: PakFile FullDirectoryIndexSize=144
[2023.02.13-02.32.05:613][  0]LogShaderLibrary: Display: ShaderCodeLibraryPakFileMountedCallback: PakFile 'C:/Program Files/Epic Games/UE_4.27/FeaturePacks/TP_VehicleBP.upack' (chunk index -1, root 'root:/') mounted
[2023.02.13-02.32.05:613][  0]LogShaderLibrary: Display: ShaderCodeLibraryPakFileMountedCallback: pending pak file info (ChunkID:-1 Root:root:/ File:C:/Program Files/Epic Games/UE_4.27/FeaturePacks/TP_VehicleBP.upack)
[2023.02.13-02.32.05:613][  0]LogPakFile: OnPakFileMounted2Time == 0.000024
[2023.02.13-02.32.05:613][  0]LogPakFile: PakFile PrimaryIndexSize=192
[2023.02.13-02.32.05:613][  0]LogPakFile: PakFile PathHashIndexSize=101
[2023.02.13-02.32.05:613][  0]LogPakFile: PakFile FullDirectoryIndexSize=158
[2023.02.13-02.32.05:613][  0]LogShaderLibrary: Display: ShaderCodeLibraryPakFileMountedCallback: PakFile 'C:/Program Files/Epic Games/UE_4.27/FeaturePacks/TP_VirtualRealityBP.upack' (chunk index -1, root 'root:/') mounted
[2023.02.13-02.32.05:613][  0]LogShaderLibrary: Display: ShaderCodeLibraryPakFileMountedCallback: pending pak file info (ChunkID:-1 Root:root:/ File:C:/Program Files/Epic Games/UE_4.27/FeaturePacks/TP_VirtualRealityBP.upack)
[2023.02.13-02.32.05:613][  0]LogPakFile: OnPakFileMounted2Time == 0.000022
[2023.02.13-02.32.05:649][  0]LogNativeClassHierarchy: Verbose: Native class hierarchy updated for 'AddContentDialog' in 0.0002 seconds. Added 0 classes and 0 folders.
[2023.02.13-02.32.05:650][  0]LogNativeClassHierarchy: Verbose: Native class hierarchy updated for 'SceneOutliner' in 0.0002 seconds. Added 2 classes and 0 folders.
[2023.02.13-02.32.05:703][  0]LogSlate: Took 0.000157 seconds to synchronously load lazily loaded font '../../../Engine/Content/Slate/Fonts/Roboto-Regular.ttf' (155K)
[2023.02.13-02.32.05:704][  0]LogSlate: Took 0.000155 seconds to synchronously load lazily loaded font '../../../Engine/Content/Editor/Slate/Fonts/FontAwesome.ttf' (139K)
[2023.02.13-02.32.05:705][  0]LogSlate: Took 0.000121 seconds to synchronously load lazily loaded font '../../../Engine/Content/Slate/Fonts/Roboto-Bold.ttf' (160K)
[2023.02.13-02.32.05:762][  0]LogRenderer: Reallocating scene render targets to support 1376x496 Format 10 NumSamples 1 (Frame:1).
[2023.02.13-02.32.05:860][  0]LogNativeClassHierarchy: Verbose: Native class hierarchy updated for 'HierarchicalLODOutliner' in 0.0002 seconds. Added 0 classes and 0 folders.
[2023.02.13-02.32.05:860][  0]LogLoad: (Engine Initialization) Total time: 5.43 seconds
[2023.02.13-02.32.05:860][  0]LogLoad: (Engine Initialization) Total Blueprint compile time: 0.00 seconds
[2023.02.13-02.32.05:892][  0]LogAssetRegistry: Asset discovery search completed in 3.0168 seconds
[2023.02.13-02.32.05:895][  0]LogCollectionManager: Fixed up redirectors for 0 collections in 0.000003 seconds (updated 0 objects)
[2023.02.13-02.32.05:896][  0]LogContentStreaming: Texture pool size now 1000 MB
[2023.02.13-02.32.06:081][  3]LogSlate: Took 0.000210 seconds to synchronously load lazily loaded font '../../../Engine/Content/Slate/Fonts/Roboto-Light.ttf' (167K)
[2023.02.13-02.32.06:884][ 89]LogSlate: Took 0.000181 seconds to synchronously load lazily loaded font '../../../Engine/Content/Slate/Fonts/Roboto-Light.ttf' (167K)
[2023.02.13-02.32.08:598][233]LogAssetEditorSubsystem: Opening Asset editor for Blueprint /Game/CameraSystem/ALS_PlayerCameraManerger.ALS_PlayerCameraManerger
[2023.02.13-02.32.08:727][233]LogNativeClassHierarchy: Verbose: Native class hierarchy updated for 'BlueprintGraph' in 0.0003 seconds. Added 126 classes and 0 folders.
[2023.02.13-02.32.09:226][233]LogAssetEditorSubsystem: Opening Asset editor for Skeleton /Game/CameraSystem/Camera_Skeleton.Camera_Skeleton
[2023.02.13-02.32.09:230][233]LogNativeClassHierarchy: Verbose: Native class hierarchy updated for 'SkeletonEditor' in 0.0002 seconds. Added 1 classes and 2 folders.
[2023.02.13-02.32.09:233][233]LogTexture: Default maximum texture size for cubemaps generated from long-lat sources has been changed from 512 to unlimited. In order to preserve old behaiour for '/Engine/EditorMaterials/AssetViewer/EpicQuadPanorama_CC+EV1.EpicQuadPanorama_CC+EV1', its maximum texture size has been explicitly set to 512.
[2023.02.13-02.32.09:258][233]LogTexture: Default maximum texture size for cubemaps generated from long-lat sources has been changed from 512 to unlimited. In order to preserve old behaiour for '/Engine/MapTemplates/Sky/SunsetAmbientCubemap.SunsetAmbientCubemap', its maximum texture size has been explicitly set to 512.
[2023.02.13-02.32.09:282][233]LogActorComponent: RegisterComponentWithWorld: (/Engine/Transient.World_2:PersistentLevel.AnimationEditorPreviewActor_0.DebugSkelMeshComponent_0) Already registered. Aborting.
[2023.02.13-02.32.09:283][233]LogNativeClassHierarchy: Verbose: Native class hierarchy updated for 'PinnedCommandList' in 0.0003 seconds. Added 1 classes and 0 folders.
[2023.02.13-02.32.09:405][233]LogAssetEditorSubsystem: Opening Asset editor for AnimBlueprint /Game/CameraSystem/ALS_CameraBehavior.ALS_CameraBehavior
[2023.02.13-02.32.09:409][233]LogActorComponent: RegisterComponentWithWorld: (/Engine/Transient.World_4:PersistentLevel.AnimationEditorPreviewActor_0.DebugSkelMeshComponent_0) Already registered. Aborting.
[2023.02.13-02.32.09:746][233]LogAssetEditorSubsystem: Opening Asset editor for Blueprint /Game/Blueprints/ALS_AnimMan_Character_BP.ALS_AnimMan_Character_BP
[2023.02.13-02.32.10:159][233]LogSlate: Took 0.000151 seconds to synchronously load lazily loaded font '../../../Engine/Content/Slate/Fonts/Roboto-BoldCondensed.ttf' (158K)
[2023.02.13-02.32.10:205][233]LogSlate: Took 0.000198 seconds to synchronously load lazily loaded font '../../../Engine/Content/Slate/Fonts/DroidSansMono.ttf' (77K)
[2023.02.13-02.32.10:215][234]LogSlate: Took 0.000203 seconds to synchronously load lazily loaded font '../../../Engine/Content/Slate/Fonts/Roboto-Italic.ttf' (157K)
[2023.02.13-02.32.11:760][393]LogSlate: Took 0.000875 seconds to synchronously load lazily loaded font '../../../Engine/Content/Slate/Fonts/DroidSansFallback.ttf' (3848K)
[2023.02.13-02.32.12:794][495]LogRenderer: Reallocating scene render targets to support 1376x884 Format 10 NumSamples 1 (Frame:11).
[2023.02.13-02.32.13:550][579]LogSlate: Window 'ALS_CameraBehavior' being destroyed
[2023.02.13-02.32.15:334][772]LogTemp: Repeating last play command: Selected Viewport
[2023.02.13-02.32.15:339][772]LogPlayLevel: PlayLevel: No blueprints needed recompiling
[2023.02.13-02.32.15:339][772]PIE: New page: PIE session: Main (2023年2月13日 下午6:32:15)
[2023.02.13-02.32.15:340][772]LogOnline: OSS: Creating online subsystem instance for: NULL
[2023.02.13-02.32.15:341][772]LogOnline: OSS: TryLoadSubsystemAndSetDefault: Loaded subsystem for module [NULL]
[2023.02.13-02.32.15:341][772]LogPlayLevel: Creating play world package: /Game/Maps/UEDPIE_0_Main
[2023.02.13-02.32.15:350][772]LogPlayLevel: PIE: StaticDuplicateObject took: (0.008968s)
[2023.02.13-02.32.15:351][772]LogAIModule: Creating AISystem for world Main
[2023.02.13-02.32.15:351][772]LogPlayLevel: PIE: World Init took: (0.000789s)
[2023.02.13-02.32.15:351][772]LogPlayLevel: PIE: Created PIE world by copying editor world from /Game/Maps/Main.Main to /Game/Maps/UEDPIE_0_Main.Main (0.009855s)
[2023.02.13-02.32.15:382][772]LogUObjectHash: Compacting FUObjectHashTables data took   2.37ms
[2023.02.13-02.32.15:383][772]LogAudio: Display: Creating Audio Device:                 Id: 2, Scope: Unique, Realtime: True
[2023.02.13-02.32.15:383][772]LogAudioMixer: Display: Audio Mixer Platform Settings:
[2023.02.13-02.32.15:383][772]LogAudioMixer: Display: 	Sample Rate:						  48000
[2023.02.13-02.32.15:383][772]LogAudioMixer: Display: 	Callback Buffer Frame Size Requested: 1024
[2023.02.13-02.32.15:383][772]LogAudioMixer: Display: 	Callback Buffer Frame Size To Use:	  1024
[2023.02.13-02.32.15:383][772]LogAudioMixer: Display: 	Number of buffers to queue:			  2
[2023.02.13-02.32.15:383][772]LogAudioMixer: Display: 	Max Channels (voices):				  32
[2023.02.13-02.32.15:383][772]LogAudioMixer: Display: 	Number of Async Source Workers:		  0
[2023.02.13-02.32.15:383][772]LogAudio: Display: AudioDevice MaxSources: 32
[2023.02.13-02.32.15:383][772]LogAudio: Display: Audio Spatialization Plugin: None (built-in).
[2023.02.13-02.32.15:383][772]LogAudio: Display: Audio Reverb Plugin: None (built-in).
[2023.02.13-02.32.15:383][772]LogAudio: Display: Audio Occlusion Plugin: None (built-in).
[2023.02.13-02.32.15:383][772]LogAudioMixer: Display: Initializing audio mixer.
[2023.02.13-02.32.15:390][772]LogAudioMixer: Display: 0: FrontLeft
[2023.02.13-02.32.15:390][772]LogAudioMixer: Display: 1: FrontRight
[2023.02.13-02.32.15:404][772]LogAudioMixer: Display: Using Audio Device 扬声器 (Realtek High Definition Audio)
[2023.02.13-02.32.15:404][772]LogAudioMixer: Display: Initializing Sound Submixes...
[2023.02.13-02.32.15:405][772]LogAudioMixer: Display: Creating Master Submix 'MasterSubmixDefault'
[2023.02.13-02.32.15:405][772]LogAudioMixer: Display: Creating Master Submix 'MasterReverbSubmixDefault'
[2023.02.13-02.32.15:405][772]LogAudioMixer: Display: Creating Master Submix 'MasterEQSubmixDefault'
[2023.02.13-02.32.15:405][772]LogAudioMixer: FMixerPlatformXAudio2::StartAudioStream() called
[2023.02.13-02.32.15:405][772]LogAudioMixer: Display: Output buffers initialized: Frames=1024, Channels=2, Samples=2048
[2023.02.13-02.32.15:406][772]LogAudioMixer: Display: Starting AudioMixerPlatformInterface::RunInternal()
[2023.02.13-02.32.15:406][772]LogAudioMixer: Display: FMixerPlatformXAudio2::SubmitBuffer() called for the first time
[2023.02.13-02.32.15:406][772]LogInit: FAudioDevice initialized.
[2023.02.13-02.32.15:406][772]LogAudio: Display: Audio Device (ID: 2) registered with world 'Main'.
[2023.02.13-02.32.15:419][772]LogLoad: Game class is 'ALS_GameMode_C'
[2023.02.13-02.32.15:422][772]LogWorld: Bringing World /Game/Maps/UEDPIE_0_Main.Main up for play (max tick rate 0) at 2023.02.13-10.32.15
[2023.02.13-02.32.15:423][772]LogWorld: Bringing up level for play took: 0.002840
[2023.02.13-02.32.15:423][772]LogOnline: OSS: Creating online subsystem instance for: :Context_10
[2023.02.13-02.32.15:425][772]LogNativeClassHierarchy: Verbose: Native class hierarchy updated for 'MovieSceneCapture' in 0.0002 seconds. Added 20 classes and 0 folders.
[2023.02.13-02.32.15:425][772]LogGameMode: Display: Match State Changed from EnteringMap to WaitingToStart
[2023.02.13-02.32.15:425][772]LogGameState: Match State Changed from EnteringMap to WaitingToStart
[2023.02.13-02.32.15:425][772]LogGameMode: Display: Match State Changed from WaitingToStart to InProgress
[2023.02.13-02.32.15:426][772]LogGameState: Match State Changed from WaitingToStart to InProgress
[2023.02.13-02.32.15:426][772]PIE: Server logged in
[2023.02.13-02.32.15:427][772]PIE: Play in editor total start time 0.089 seconds.
[2023.02.13-02.32.40:331][627]LogEditorViewport: Clicking on Actor (LMB): StaticMeshActor (Floor30)
[2023.02.13-02.32.41:149][701]LogEditorViewport: Clicking on Actor (LMB): StaticMeshActor (Floor2)
[2023.02.13-02.32.43:389][931]LogEditorViewport: Clicking on Actor (LMB): ALS_AnimMan_Character_BP_C (ALS_AnimMan_Character_BP)
